[31-Jan-2022 15:30:17 UTC] PHP Parse error:  syntax error, unexpected end of file in /Users/vesnaelenchevska/Local Sites/myfirstwpcom/app/public/wp-content/themes/twentytwentytwo/functions.php on line 153
[01-Feb-2022 01:35:41 UTC] PHP Warning:  An unexpected error occurred. Something may be wrong with WordPress.org or this server&#8217;s configuration. If you continue to have problems, please try the <a href="https://wordpress.org/support/forums/">support forums</a>. (WordPress could not establish a secure connection to WordPress.org. Please contact your server administrator.) in /Users/vesnaelenchevska/Local Sites/myfirstwpcom/app/public/wp-includes/update.php on line 175
[01-Feb-2022 01:35:41 UTC] PHP Stack trace:
[01-Feb-2022 01:35:41 UTC] PHP   1. {main}() /Users/vesnaelenchevska/Local Sites/myfirstwpcom/app/public/wp-cron.php:0
[01-Feb-2022 01:35:41 UTC] PHP   2. do_action_ref_array() /Users/vesnaelenchevska/Local Sites/myfirstwpcom/app/public/wp-cron.php:138
[01-Feb-2022 01:35:41 UTC] PHP   3. WP_Hook->do_action() /Users/vesnaelenchevska/Local Sites/myfirstwpcom/app/public/wp-includes/plugin.php:522
[01-Feb-2022 01:35:41 UTC] PHP   4. WP_Hook->apply_filters() /Users/vesnaelenchevska/Local Sites/myfirstwpcom/app/public/wp-includes/class-wp-hook.php:331
[01-Feb-2022 01:35:41 UTC] PHP   5. wp_version_check() /Users/vesnaelenchevska/Local Sites/myfirstwpcom/app/public/wp-includes/class-wp-hook.php:307
[01-Feb-2022 01:35:41 UTC] PHP   6. trigger_error() /Users/vesnaelenchevska/Local Sites/myfirstwpcom/app/public/wp-includes/update.php:175
[01-Feb-2022 09:27:34 UTC] PHP Parse error:  syntax error, unexpected '$handle' (T_VARIABLE), expecting ')' in /Users/vesnaelenchevska/Local Sites/myfirstwpcom/app/public/wp-content/themes/twentytwentytwo/functions.php on line 12
[01-Feb-2022 09:27:35 UTC] PHP Parse error:  syntax error, unexpected '$handle' (T_VARIABLE), expecting ')' in /Users/vesnaelenchevska/Local Sites/myfirstwpcom/app/public/wp-content/themes/twentytwentytwo/functions.php on line 12
[01-Feb-2022 09:27:35 UTC] PHP Parse error:  syntax error, unexpected '$handle' (T_VARIABLE), expecting ')' in /Users/vesnaelenchevska/Local Sites/myfirstwpcom/app/public/wp-content/themes/twentytwentytwo/functions.php on line 12
[01-Feb-2022 13:17:46 UTC] PHP Parse error:  syntax error, unexpected 'slug' (T_STRING), expecting ')' in /Users/vesnaelenchevska/Local Sites/myfirstwpcom/app/public/wp-content/themes/twentytwentytwo/inc/gutenberg.php on line 13
[01-Feb-2022 13:19:54 UTC] PHP Parse error:  syntax error, unexpected 'slug' (T_STRING), expecting ')' in /Users/vesnaelenchevska/Local Sites/myfirstwpcom/app/public/wp-content/themes/twentytwentytwo/inc/gutenberg.php on line 13
[01-Feb-2022 13:21:58 UTC] PHP Parse error:  syntax error, unexpected 'slug' (T_STRING), expecting ')' in /Users/vesnaelenchevska/Local Sites/myfirstwpcom/app/public/wp-content/themes/twentytwentytwo/inc/gutenberg.php on line 13
[01-Feb-2022 13:38:29 UTC] PHP Warning:  require(/Users/vesnaelenchevska/Local Sites/myfirstwpcom/app/public/wp-content/themes/twentytwentytwo/my-block/src/block/style.scss): failed to open stream: No such file or directory in /Users/vesnaelenchevska/Local Sites/myfirstwpcom/app/public/wp-content/themes/twentytwentytwo/functions.php on line 157
[01-Feb-2022 13:38:29 UTC] PHP Stack trace:
[01-Feb-2022 13:38:29 UTC] PHP   1. {main}() /Users/vesnaelenchevska/Local Sites/myfirstwpcom/app/public/wp-admin/post.php:0
[01-Feb-2022 13:38:29 UTC] PHP   2. require_once() /Users/vesnaelenchevska/Local Sites/myfirstwpcom/app/public/wp-admin/post.php:12
[01-Feb-2022 13:38:29 UTC] PHP   3. require_once() /Users/vesnaelenchevska/Local Sites/myfirstwpcom/app/public/wp-admin/admin.php:34
[01-Feb-2022 13:38:29 UTC] PHP   4. require_once() /Users/vesnaelenchevska/Local Sites/myfirstwpcom/app/public/wp-load.php:50
[01-Feb-2022 13:38:29 UTC] PHP   5. require_once() /Users/vesnaelenchevska/Local Sites/myfirstwpcom/app/public/wp-config.php:77
[01-Feb-2022 13:38:29 UTC] PHP   6. include() /Users/vesnaelenchevska/Local Sites/myfirstwpcom/app/public/wp-settings.php:555
[01-Feb-2022 13:38:29 UTC] PHP Warning:  require(/Users/vesnaelenchevska/Local Sites/myfirstwpcom/app/public/wp-content/themes/twentytwentytwo/my-block/src/block/style.scss): failed to open stream: No such file or directory in /Users/vesnaelenchevska/Local Sites/myfirstwpcom/app/public/wp-content/themes/twentytwentytwo/functions.php on line 157
[01-Feb-2022 13:38:29 UTC] PHP Stack trace:
[01-Feb-2022 13:38:29 UTC] PHP   1. {main}() /Users/vesnaelenchevska/Local Sites/myfirstwpcom/app/public/wp-admin/admin-ajax.php:0
[01-Feb-2022 13:38:29 UTC] PHP   2. require_once() /Users/vesnaelenchevska/Local Sites/myfirstwpcom/app/public/wp-admin/admin-ajax.php:22
[01-Feb-2022 13:38:29 UTC] PHP   3. require_once() /Users/vesnaelenchevska/Local Sites/myfirstwpcom/app/public/wp-load.php:50
[01-Feb-2022 13:38:29 UTC] PHP   4. require_once() /Users/vesnaelenchevska/Local Sites/myfirstwpcom/app/public/wp-config.php:77
[01-Feb-2022 13:38:29 UTC] PHP   5. include() /Users/vesnaelenchevska/Local Sites/myfirstwpcom/app/public/wp-settings.php:555
[01-Feb-2022 13:38:29 UTC] PHP Fatal error:  require(): Failed opening required '/Users/vesnaelenchevska/Local Sites/myfirstwpcom/app/public/wp-content/themes/twentytwentytwo/my-block/src/block/style.scss' (include_path='.:/usr/share/php:/www/wp-content/pear') in /Users/vesnaelenchevska/Local Sites/myfirstwpcom/app/public/wp-content/themes/twentytwentytwo/functions.php on line 157
[01-Feb-2022 13:38:29 UTC] PHP Fatal error:  require(): Failed opening required '/Users/vesnaelenchevska/Local Sites/myfirstwpcom/app/public/wp-content/themes/twentytwentytwo/my-block/src/block/style.scss' (include_path='.:/usr/share/php:/www/wp-content/pear') in /Users/vesnaelenchevska/Local Sites/myfirstwpcom/app/public/wp-content/themes/twentytwentytwo/functions.php on line 157
[01-Feb-2022 13:38:29 UTC] PHP Stack trace:
[01-Feb-2022 13:38:29 UTC] PHP Stack trace:
[01-Feb-2022 13:38:29 UTC] PHP   1. {main}() /Users/vesnaelenchevska/Local Sites/myfirstwpcom/app/public/wp-admin/admin-ajax.php:0
[01-Feb-2022 13:38:29 UTC] PHP   1. {main}() /Users/vesnaelenchevska/Local Sites/myfirstwpcom/app/public/wp-admin/post.php:0
[01-Feb-2022 13:38:29 UTC] PHP   2. require_once() /Users/vesnaelenchevska/Local Sites/myfirstwpcom/app/public/wp-admin/admin-ajax.php:22
[01-Feb-2022 13:38:29 UTC] PHP   2. require_once() /Users/vesnaelenchevska/Local Sites/myfirstwpcom/app/public/wp-admin/post.php:12
[01-Feb-2022 13:38:29 UTC] PHP   3. require_once() /Users/vesnaelenchevska/Local Sites/myfirstwpcom/app/public/wp-load.php:50
[01-Feb-2022 13:38:29 UTC] PHP   3. require_once() /Users/vesnaelenchevska/Local Sites/myfirstwpcom/app/public/wp-admin/admin.php:34
[01-Feb-2022 13:38:29 UTC] PHP   4. require_once() /Users/vesnaelenchevska/Local Sites/myfirstwpcom/app/public/wp-load.php:50
[01-Feb-2022 13:38:29 UTC] PHP   4. require_once() /Users/vesnaelenchevska/Local Sites/myfirstwpcom/app/public/wp-config.php:77
[01-Feb-2022 13:38:29 UTC] PHP   5. require_once() /Users/vesnaelenchevska/Local Sites/myfirstwpcom/app/public/wp-config.php:77
[01-Feb-2022 13:38:29 UTC] PHP   5. include() /Users/vesnaelenchevska/Local Sites/myfirstwpcom/app/public/wp-settings.php:555
[01-Feb-2022 13:38:29 UTC] PHP   6. include() /Users/vesnaelenchevska/Local Sites/myfirstwpcom/app/public/wp-settings.php:555
[01-Feb-2022 13:38:29 UTC] PHP Warning:  require(/Users/vesnaelenchevska/Local Sites/myfirstwpcom/app/public/wp-content/themes/twentytwentytwo/my-block/src/block/style.scss): failed to open stream: No such file or directory in /Users/vesnaelenchevska/Local Sites/myfirstwpcom/app/public/wp-content/themes/twentytwentytwo/functions.php on line 157
[01-Feb-2022 13:38:29 UTC] PHP Stack trace:
[01-Feb-2022 13:38:29 UTC] PHP   1. {main}() /Users/vesnaelenchevska/Local Sites/myfirstwpcom/app/public/index.php:0
[01-Feb-2022 13:38:29 UTC] PHP   2. require() /Users/vesnaelenchevska/Local Sites/myfirstwpcom/app/public/index.php:17
[01-Feb-2022 13:38:29 UTC] PHP   3. require_once() /Users/vesnaelenchevska/Local Sites/myfirstwpcom/app/public/wp-blog-header.php:13
[01-Feb-2022 13:38:29 UTC] PHP   4. require_once() /Users/vesnaelenchevska/Local Sites/myfirstwpcom/app/public/wp-load.php:50
[01-Feb-2022 13:38:29 UTC] PHP   5. require_once() /Users/vesnaelenchevska/Local Sites/myfirstwpcom/app/public/wp-config.php:77
[01-Feb-2022 13:38:29 UTC] PHP   6. include() /Users/vesnaelenchevska/Local Sites/myfirstwpcom/app/public/wp-settings.php:555
[01-Feb-2022 13:38:29 UTC] PHP Fatal error:  require(): Failed opening required '/Users/vesnaelenchevska/Local Sites/myfirstwpcom/app/public/wp-content/themes/twentytwentytwo/my-block/src/block/style.scss' (include_path='.:/usr/share/php:/www/wp-content/pear') in /Users/vesnaelenchevska/Local Sites/myfirstwpcom/app/public/wp-content/themes/twentytwentytwo/functions.php on line 157
[01-Feb-2022 13:38:29 UTC] PHP Stack trace:
[01-Feb-2022 13:38:29 UTC] PHP   1. {main}() /Users/vesnaelenchevska/Local Sites/myfirstwpcom/app/public/index.php:0
[01-Feb-2022 13:38:29 UTC] PHP   2. require() /Users/vesnaelenchevska/Local Sites/myfirstwpcom/app/public/index.php:17
[01-Feb-2022 13:38:29 UTC] PHP   3. require_once() /Users/vesnaelenchevska/Local Sites/myfirstwpcom/app/public/wp-blog-header.php:13
[01-Feb-2022 13:38:29 UTC] PHP   4. require_once() /Users/vesnaelenchevska/Local Sites/myfirstwpcom/app/public/wp-load.php:50
[01-Feb-2022 13:38:29 UTC] PHP   5. require_once() /Users/vesnaelenchevska/Local Sites/myfirstwpcom/app/public/wp-config.php:77
[01-Feb-2022 13:38:29 UTC] PHP   6. include() /Users/vesnaelenchevska/Local Sites/myfirstwpcom/app/public/wp-settings.php:555
[01-Feb-2022 13:38:59 UTC] PHP Warning:  require(/Users/vesnaelenchevska/Local Sites/myfirstwpcom/app/public/wp-content/themes/twentytwentytwo/my-block/src/block/style.scss): failed to open stream: No such file or directory in /Users/vesnaelenchevska/Local Sites/myfirstwpcom/app/public/wp-content/themes/twentytwentytwo/functions.php on line 157
[01-Feb-2022 13:38:59 UTC] PHP Stack trace:
[01-Feb-2022 13:38:59 UTC] PHP   1. {main}() /Users/vesnaelenchevska/Local Sites/myfirstwpcom/app/public/wp-admin/post.php:0
[01-Feb-2022 13:38:59 UTC] PHP   2. require_once() /Users/vesnaelenchevska/Local Sites/myfirstwpcom/app/public/wp-admin/post.php:12
[01-Feb-2022 13:38:59 UTC] PHP   3. require_once() /Users/vesnaelenchevska/Local Sites/myfirstwpcom/app/public/wp-admin/admin.php:34
[01-Feb-2022 13:38:59 UTC] PHP   4. require_once() /Users/vesnaelenchevska/Local Sites/myfirstwpcom/app/public/wp-load.php:50
[01-Feb-2022 13:38:59 UTC] PHP   5. require_once() /Users/vesnaelenchevska/Local Sites/myfirstwpcom/app/public/wp-config.php:77
[01-Feb-2022 13:38:59 UTC] PHP   6. include() /Users/vesnaelenchevska/Local Sites/myfirstwpcom/app/public/wp-settings.php:555
[01-Feb-2022 13:38:59 UTC] PHP Fatal error:  require(): Failed opening required '/Users/vesnaelenchevska/Local Sites/myfirstwpcom/app/public/wp-content/themes/twentytwentytwo/my-block/src/block/style.scss' (include_path='.:/usr/share/php:/www/wp-content/pear') in /Users/vesnaelenchevska/Local Sites/myfirstwpcom/app/public/wp-content/themes/twentytwentytwo/functions.php on line 157
[01-Feb-2022 13:38:59 UTC] PHP Stack trace:
[01-Feb-2022 13:38:59 UTC] PHP   1. {main}() /Users/vesnaelenchevska/Local Sites/myfirstwpcom/app/public/wp-admin/post.php:0
[01-Feb-2022 13:38:59 UTC] PHP   2. require_once() /Users/vesnaelenchevska/Local Sites/myfirstwpcom/app/public/wp-admin/post.php:12
[01-Feb-2022 13:38:59 UTC] PHP   3. require_once() /Users/vesnaelenchevska/Local Sites/myfirstwpcom/app/public/wp-admin/admin.php:34
[01-Feb-2022 13:38:59 UTC] PHP   4. require_once() /Users/vesnaelenchevska/Local Sites/myfirstwpcom/app/public/wp-load.php:50
[01-Feb-2022 13:38:59 UTC] PHP   5. require_once() /Users/vesnaelenchevska/Local Sites/myfirstwpcom/app/public/wp-config.php:77
[01-Feb-2022 13:38:59 UTC] PHP   6. include() /Users/vesnaelenchevska/Local Sites/myfirstwpcom/app/public/wp-settings.php:555
[01-Feb-2022 13:38:59 UTC] PHP Warning:  require(/Users/vesnaelenchevska/Local Sites/myfirstwpcom/app/public/wp-content/themes/twentytwentytwo/my-block/src/block/style.scss): failed to open stream: No such file or directory in /Users/vesnaelenchevska/Local Sites/myfirstwpcom/app/public/wp-content/themes/twentytwentytwo/functions.php on line 157
[01-Feb-2022 13:38:59 UTC] PHP Stack trace:
[01-Feb-2022 13:38:59 UTC] PHP   1. {main}() /Users/vesnaelenchevska/Local Sites/myfirstwpcom/app/public/index.php:0
[01-Feb-2022 13:38:59 UTC] PHP   2. require() /Users/vesnaelenchevska/Local Sites/myfirstwpcom/app/public/index.php:17
[01-Feb-2022 13:38:59 UTC] PHP   3. require_once() /Users/vesnaelenchevska/Local Sites/myfirstwpcom/app/public/wp-blog-header.php:13
[01-Feb-2022 13:38:59 UTC] PHP   4. require_once() /Users/vesnaelenchevska/Local Sites/myfirstwpcom/app/public/wp-load.php:50
[01-Feb-2022 13:38:59 UTC] PHP   5. require_once() /Users/vesnaelenchevska/Local Sites/myfirstwpcom/app/public/wp-config.php:77
[01-Feb-2022 13:38:59 UTC] PHP   6. include() /Users/vesnaelenchevska/Local Sites/myfirstwpcom/app/public/wp-settings.php:555
[01-Feb-2022 13:38:59 UTC] PHP Fatal error:  require(): Failed opening required '/Users/vesnaelenchevska/Local Sites/myfirstwpcom/app/public/wp-content/themes/twentytwentytwo/my-block/src/block/style.scss' (include_path='.:/usr/share/php:/www/wp-content/pear') in /Users/vesnaelenchevska/Local Sites/myfirstwpcom/app/public/wp-content/themes/twentytwentytwo/functions.php on line 157
[01-Feb-2022 13:38:59 UTC] PHP Stack trace:
[01-Feb-2022 13:38:59 UTC] PHP   1. {main}() /Users/vesnaelenchevska/Local Sites/myfirstwpcom/app/public/index.php:0
[01-Feb-2022 13:38:59 UTC] PHP   2. require() /Users/vesnaelenchevska/Local Sites/myfirstwpcom/app/public/index.php:17
[01-Feb-2022 13:38:59 UTC] PHP   3. require_once() /Users/vesnaelenchevska/Local Sites/myfirstwpcom/app/public/wp-blog-header.php:13
[01-Feb-2022 13:38:59 UTC] PHP   4. require_once() /Users/vesnaelenchevska/Local Sites/myfirstwpcom/app/public/wp-load.php:50
[01-Feb-2022 13:38:59 UTC] PHP   5. require_once() /Users/vesnaelenchevska/Local Sites/myfirstwpcom/app/public/wp-config.php:77
[01-Feb-2022 13:38:59 UTC] PHP   6. include() /Users/vesnaelenchevska/Local Sites/myfirstwpcom/app/public/wp-settings.php:555
[01-Feb-2022 13:38:59 UTC] PHP Warning:  require(/Users/vesnaelenchevska/Local Sites/myfirstwpcom/app/public/wp-content/themes/twentytwentytwo/my-block/src/block/style.scss): failed to open stream: No such file or directory in /Users/vesnaelenchevska/Local Sites/myfirstwpcom/app/public/wp-content/themes/twentytwentytwo/functions.php on line 157
[01-Feb-2022 13:38:59 UTC] PHP Stack trace:
[01-Feb-2022 13:38:59 UTC] PHP   1. {main}() /Users/vesnaelenchevska/Local Sites/myfirstwpcom/app/public/wp-admin/post.php:0
[01-Feb-2022 13:38:59 UTC] PHP   2. require_once() /Users/vesnaelenchevska/Local Sites/myfirstwpcom/app/public/wp-admin/post.php:12
[01-Feb-2022 13:38:59 UTC] PHP   3. require_once() /Users/vesnaelenchevska/Local Sites/myfirstwpcom/app/public/wp-admin/admin.php:34
[01-Feb-2022 13:38:59 UTC] PHP   4. require_once() /Users/vesnaelenchevska/Local Sites/myfirstwpcom/app/public/wp-load.php:50
[01-Feb-2022 13:38:59 UTC] PHP   5. require_once() /Users/vesnaelenchevska/Local Sites/myfirstwpcom/app/public/wp-config.php:77
[01-Feb-2022 13:38:59 UTC] PHP   6. include() /Users/vesnaelenchevska/Local Sites/myfirstwpcom/app/public/wp-settings.php:555
[01-Feb-2022 13:38:59 UTC] PHP Fatal error:  require(): Failed opening required '/Users/vesnaelenchevska/Local Sites/myfirstwpcom/app/public/wp-content/themes/twentytwentytwo/my-block/src/block/style.scss' (include_path='.:/usr/share/php:/www/wp-content/pear') in /Users/vesnaelenchevska/Local Sites/myfirstwpcom/app/public/wp-content/themes/twentytwentytwo/functions.php on line 157
[01-Feb-2022 13:38:59 UTC] PHP Stack trace:
[01-Feb-2022 13:38:59 UTC] PHP   1. {main}() /Users/vesnaelenchevska/Local Sites/myfirstwpcom/app/public/wp-admin/post.php:0
[01-Feb-2022 13:38:59 UTC] PHP   2. require_once() /Users/vesnaelenchevska/Local Sites/myfirstwpcom/app/public/wp-admin/post.php:12
[01-Feb-2022 13:38:59 UTC] PHP   3. require_once() /Users/vesnaelenchevska/Local Sites/myfirstwpcom/app/public/wp-admin/admin.php:34
[01-Feb-2022 13:38:59 UTC] PHP   4. require_once() /Users/vesnaelenchevska/Local Sites/myfirstwpcom/app/public/wp-load.php:50
[01-Feb-2022 13:38:59 UTC] PHP   5. require_once() /Users/vesnaelenchevska/Local Sites/myfirstwpcom/app/public/wp-config.php:77
[01-Feb-2022 13:38:59 UTC] PHP   6. include() /Users/vesnaelenchevska/Local Sites/myfirstwpcom/app/public/wp-settings.php:555
[01-Feb-2022 13:38:59 UTC] PHP Warning:  require(/Users/vesnaelenchevska/Local Sites/myfirstwpcom/app/public/wp-content/themes/twentytwentytwo/my-block/src/block/style.scss): failed to open stream: No such file or directory in /Users/vesnaelenchevska/Local Sites/myfirstwpcom/app/public/wp-content/themes/twentytwentytwo/functions.php on line 157
[01-Feb-2022 13:38:59 UTC] PHP Stack trace:
[01-Feb-2022 13:38:59 UTC] PHP   1. {main}() /Users/vesnaelenchevska/Local Sites/myfirstwpcom/app/public/index.php:0
[01-Feb-2022 13:38:59 UTC] PHP   2. require() /Users/vesnaelenchevska/Local Sites/myfirstwpcom/app/public/index.php:17
[01-Feb-2022 13:38:59 UTC] PHP   3. require_once() /Users/vesnaelenchevska/Local Sites/myfirstwpcom/app/public/wp-blog-header.php:13
[01-Feb-2022 13:38:59 UTC] PHP   4. require_once() /Users/vesnaelenchevska/Local Sites/myfirstwpcom/app/public/wp-load.php:50
[01-Feb-2022 13:38:59 UTC] PHP   5. require_once() /Users/vesnaelenchevska/Local Sites/myfirstwpcom/app/public/wp-config.php:77
[01-Feb-2022 13:38:59 UTC] PHP   6. include() /Users/vesnaelenchevska/Local Sites/myfirstwpcom/app/public/wp-settings.php:555
[01-Feb-2022 13:38:59 UTC] PHP Fatal error:  require(): Failed opening required '/Users/vesnaelenchevska/Local Sites/myfirstwpcom/app/public/wp-content/themes/twentytwentytwo/my-block/src/block/style.scss' (include_path='.:/usr/share/php:/www/wp-content/pear') in /Users/vesnaelenchevska/Local Sites/myfirstwpcom/app/public/wp-content/themes/twentytwentytwo/functions.php on line 157
[01-Feb-2022 13:38:59 UTC] PHP Stack trace:
[01-Feb-2022 13:38:59 UTC] PHP   1. {main}() /Users/vesnaelenchevska/Local Sites/myfirstwpcom/app/public/index.php:0
[01-Feb-2022 13:38:59 UTC] PHP   2. require() /Users/vesnaelenchevska/Local Sites/myfirstwpcom/app/public/index.php:17
[01-Feb-2022 13:38:59 UTC] PHP   3. require_once() /Users/vesnaelenchevska/Local Sites/myfirstwpcom/app/public/wp-blog-header.php:13
[01-Feb-2022 13:38:59 UTC] PHP   4. require_once() /Users/vesnaelenchevska/Local Sites/myfirstwpcom/app/public/wp-load.php:50
[01-Feb-2022 13:38:59 UTC] PHP   5. require_once() /Users/vesnaelenchevska/Local Sites/myfirstwpcom/app/public/wp-config.php:77
[01-Feb-2022 13:38:59 UTC] PHP   6. include() /Users/vesnaelenchevska/Local Sites/myfirstwpcom/app/public/wp-settings.php:555
[01-Feb-2022 13:39:00 UTC] PHP Warning:  require(/Users/vesnaelenchevska/Local Sites/myfirstwpcom/app/public/wp-content/themes/twentytwentytwo/my-block/src/block/style.scss): failed to open stream: No such file or directory in /Users/vesnaelenchevska/Local Sites/myfirstwpcom/app/public/wp-content/themes/twentytwentytwo/functions.php on line 157
[01-Feb-2022 13:39:00 UTC] PHP Stack trace:
[01-Feb-2022 13:39:00 UTC] PHP   1. {main}() /Users/vesnaelenchevska/Local Sites/myfirstwpcom/app/public/wp-admin/post.php:0
[01-Feb-2022 13:39:00 UTC] PHP   2. require_once() /Users/vesnaelenchevska/Local Sites/myfirstwpcom/app/public/wp-admin/post.php:12
[01-Feb-2022 13:39:00 UTC] PHP   3. require_once() /Users/vesnaelenchevska/Local Sites/myfirstwpcom/app/public/wp-admin/admin.php:34
[01-Feb-2022 13:39:00 UTC] PHP   4. require_once() /Users/vesnaelenchevska/Local Sites/myfirstwpcom/app/public/wp-load.php:50
[01-Feb-2022 13:39:00 UTC] PHP   5. require_once() /Users/vesnaelenchevska/Local Sites/myfirstwpcom/app/public/wp-config.php:77
[01-Feb-2022 13:39:00 UTC] PHP   6. include() /Users/vesnaelenchevska/Local Sites/myfirstwpcom/app/public/wp-settings.php:555
[01-Feb-2022 13:39:00 UTC] PHP Fatal error:  require(): Failed opening required '/Users/vesnaelenchevska/Local Sites/myfirstwpcom/app/public/wp-content/themes/twentytwentytwo/my-block/src/block/style.scss' (include_path='.:/usr/share/php:/www/wp-content/pear') in /Users/vesnaelenchevska/Local Sites/myfirstwpcom/app/public/wp-content/themes/twentytwentytwo/functions.php on line 157
[01-Feb-2022 13:39:00 UTC] PHP Stack trace:
[01-Feb-2022 13:39:00 UTC] PHP   1. {main}() /Users/vesnaelenchevska/Local Sites/myfirstwpcom/app/public/wp-admin/post.php:0
[01-Feb-2022 13:39:00 UTC] PHP   2. require_once() /Users/vesnaelenchevska/Local Sites/myfirstwpcom/app/public/wp-admin/post.php:12
[01-Feb-2022 13:39:00 UTC] PHP   3. require_once() /Users/vesnaelenchevska/Local Sites/myfirstwpcom/app/public/wp-admin/admin.php:34
[01-Feb-2022 13:39:00 UTC] PHP   4. require_once() /Users/vesnaelenchevska/Local Sites/myfirstwpcom/app/public/wp-load.php:50
[01-Feb-2022 13:39:00 UTC] PHP   5. require_once() /Users/vesnaelenchevska/Local Sites/myfirstwpcom/app/public/wp-config.php:77
[01-Feb-2022 13:39:00 UTC] PHP   6. include() /Users/vesnaelenchevska/Local Sites/myfirstwpcom/app/public/wp-settings.php:555
[01-Feb-2022 13:39:00 UTC] PHP Warning:  require(/Users/vesnaelenchevska/Local Sites/myfirstwpcom/app/public/wp-content/themes/twentytwentytwo/my-block/src/block/style.scss): failed to open stream: No such file or directory in /Users/vesnaelenchevska/Local Sites/myfirstwpcom/app/public/wp-content/themes/twentytwentytwo/functions.php on line 157
[01-Feb-2022 13:39:00 UTC] PHP Stack trace:
[01-Feb-2022 13:39:00 UTC] PHP   1. {main}() /Users/vesnaelenchevska/Local Sites/myfirstwpcom/app/public/index.php:0
[01-Feb-2022 13:39:00 UTC] PHP   2. require() /Users/vesnaelenchevska/Local Sites/myfirstwpcom/app/public/index.php:17
[01-Feb-2022 13:39:00 UTC] PHP   3. require_once() /Users/vesnaelenchevska/Local Sites/myfirstwpcom/app/public/wp-blog-header.php:13
[01-Feb-2022 13:39:00 UTC] PHP   4. require_once() /Users/vesnaelenchevska/Local Sites/myfirstwpcom/app/public/wp-load.php:50
[01-Feb-2022 13:39:00 UTC] PHP   5. require_once() /Users/vesnaelenchevska/Local Sites/myfirstwpcom/app/public/wp-config.php:77
[01-Feb-2022 13:39:00 UTC] PHP   6. include() /Users/vesnaelenchevska/Local Sites/myfirstwpcom/app/public/wp-settings.php:555
[01-Feb-2022 13:39:00 UTC] PHP Fatal error:  require(): Failed opening required '/Users/vesnaelenchevska/Local Sites/myfirstwpcom/app/public/wp-content/themes/twentytwentytwo/my-block/src/block/style.scss' (include_path='.:/usr/share/php:/www/wp-content/pear') in /Users/vesnaelenchevska/Local Sites/myfirstwpcom/app/public/wp-content/themes/twentytwentytwo/functions.php on line 157
[01-Feb-2022 13:39:00 UTC] PHP Stack trace:
[01-Feb-2022 13:39:00 UTC] PHP   1. {main}() /Users/vesnaelenchevska/Local Sites/myfirstwpcom/app/public/index.php:0
[01-Feb-2022 13:39:00 UTC] PHP   2. require() /Users/vesnaelenchevska/Local Sites/myfirstwpcom/app/public/index.php:17
[01-Feb-2022 13:39:00 UTC] PHP   3. require_once() /Users/vesnaelenchevska/Local Sites/myfirstwpcom/app/public/wp-blog-header.php:13
[01-Feb-2022 13:39:00 UTC] PHP   4. require_once() /Users/vesnaelenchevska/Local Sites/myfirstwpcom/app/public/wp-load.php:50
[01-Feb-2022 13:39:00 UTC] PHP   5. require_once() /Users/vesnaelenchevska/Local Sites/myfirstwpcom/app/public/wp-config.php:77
[01-Feb-2022 13:39:00 UTC] PHP   6. include() /Users/vesnaelenchevska/Local Sites/myfirstwpcom/app/public/wp-settings.php:555
[01-Feb-2022 13:39:07 UTC] PHP Warning:  require(/Users/vesnaelenchevska/Local Sites/myfirstwpcom/app/public/wp-content/themes/twentytwentytwo/my-block/src/block/style.scss): failed to open stream: No such file or directory in /Users/vesnaelenchevska/Local Sites/myfirstwpcom/app/public/wp-content/themes/twentytwentytwo/functions.php on line 157
[01-Feb-2022 13:39:07 UTC] PHP Stack trace:
[01-Feb-2022 13:39:07 UTC] PHP   1. {main}() /Users/vesnaelenchevska/Local Sites/myfirstwpcom/app/public/wp-admin/post.php:0
[01-Feb-2022 13:39:07 UTC] PHP   2. require_once() /Users/vesnaelenchevska/Local Sites/myfirstwpcom/app/public/wp-admin/post.php:12
[01-Feb-2022 13:39:07 UTC] PHP   3. require_once() /Users/vesnaelenchevska/Local Sites/myfirstwpcom/app/public/wp-admin/admin.php:34
[01-Feb-2022 13:39:07 UTC] PHP   4. require_once() /Users/vesnaelenchevska/Local Sites/myfirstwpcom/app/public/wp-load.php:50
[01-Feb-2022 13:39:07 UTC] PHP   5. require_once() /Users/vesnaelenchevska/Local Sites/myfirstwpcom/app/public/wp-config.php:77
[01-Feb-2022 13:39:07 UTC] PHP   6. include() /Users/vesnaelenchevska/Local Sites/myfirstwpcom/app/public/wp-settings.php:555
[01-Feb-2022 13:39:07 UTC] PHP Fatal error:  require(): Failed opening required '/Users/vesnaelenchevska/Local Sites/myfirstwpcom/app/public/wp-content/themes/twentytwentytwo/my-block/src/block/style.scss' (include_path='.:/usr/share/php:/www/wp-content/pear') in /Users/vesnaelenchevska/Local Sites/myfirstwpcom/app/public/wp-content/themes/twentytwentytwo/functions.php on line 157
[01-Feb-2022 13:39:07 UTC] PHP Stack trace:
[01-Feb-2022 13:39:07 UTC] PHP   1. {main}() /Users/vesnaelenchevska/Local Sites/myfirstwpcom/app/public/wp-admin/post.php:0
[01-Feb-2022 13:39:07 UTC] PHP   2. require_once() /Users/vesnaelenchevska/Local Sites/myfirstwpcom/app/public/wp-admin/post.php:12
[01-Feb-2022 13:39:07 UTC] PHP   3. require_once() /Users/vesnaelenchevska/Local Sites/myfirstwpcom/app/public/wp-admin/admin.php:34
[01-Feb-2022 13:39:07 UTC] PHP   4. require_once() /Users/vesnaelenchevska/Local Sites/myfirstwpcom/app/public/wp-load.php:50
[01-Feb-2022 13:39:07 UTC] PHP   5. require_once() /Users/vesnaelenchevska/Local Sites/myfirstwpcom/app/public/wp-config.php:77
[01-Feb-2022 13:39:07 UTC] PHP   6. include() /Users/vesnaelenchevska/Local Sites/myfirstwpcom/app/public/wp-settings.php:555
[01-Feb-2022 13:39:07 UTC] PHP Warning:  require(/Users/vesnaelenchevska/Local Sites/myfirstwpcom/app/public/wp-content/themes/twentytwentytwo/my-block/src/block/style.scss): failed to open stream: No such file or directory in /Users/vesnaelenchevska/Local Sites/myfirstwpcom/app/public/wp-content/themes/twentytwentytwo/functions.php on line 157
[01-Feb-2022 13:39:07 UTC] PHP Stack trace:
[01-Feb-2022 13:39:07 UTC] PHP   1. {main}() /Users/vesnaelenchevska/Local Sites/myfirstwpcom/app/public/index.php:0
[01-Feb-2022 13:39:07 UTC] PHP   2. require() /Users/vesnaelenchevska/Local Sites/myfirstwpcom/app/public/index.php:17
[01-Feb-2022 13:39:07 UTC] PHP   3. require_once() /Users/vesnaelenchevska/Local Sites/myfirstwpcom/app/public/wp-blog-header.php:13
[01-Feb-2022 13:39:07 UTC] PHP   4. require_once() /Users/vesnaelenchevska/Local Sites/myfirstwpcom/app/public/wp-load.php:50
[01-Feb-2022 13:39:07 UTC] PHP   5. require_once() /Users/vesnaelenchevska/Local Sites/myfirstwpcom/app/public/wp-config.php:77
[01-Feb-2022 13:39:07 UTC] PHP   6. include() /Users/vesnaelenchevska/Local Sites/myfirstwpcom/app/public/wp-settings.php:555
[01-Feb-2022 13:39:07 UTC] PHP Fatal error:  require(): Failed opening required '/Users/vesnaelenchevska/Local Sites/myfirstwpcom/app/public/wp-content/themes/twentytwentytwo/my-block/src/block/style.scss' (include_path='.:/usr/share/php:/www/wp-content/pear') in /Users/vesnaelenchevska/Local Sites/myfirstwpcom/app/public/wp-content/themes/twentytwentytwo/functions.php on line 157
[01-Feb-2022 13:39:07 UTC] PHP Stack trace:
[01-Feb-2022 13:39:07 UTC] PHP   1. {main}() /Users/vesnaelenchevska/Local Sites/myfirstwpcom/app/public/index.php:0
[01-Feb-2022 13:39:07 UTC] PHP   2. require() /Users/vesnaelenchevska/Local Sites/myfirstwpcom/app/public/index.php:17
[01-Feb-2022 13:39:07 UTC] PHP   3. require_once() /Users/vesnaelenchevska/Local Sites/myfirstwpcom/app/public/wp-blog-header.php:13
[01-Feb-2022 13:39:07 UTC] PHP   4. require_once() /Users/vesnaelenchevska/Local Sites/myfirstwpcom/app/public/wp-load.php:50
[01-Feb-2022 13:39:07 UTC] PHP   5. require_once() /Users/vesnaelenchevska/Local Sites/myfirstwpcom/app/public/wp-config.php:77
[01-Feb-2022 13:39:07 UTC] PHP   6. include() /Users/vesnaelenchevska/Local Sites/myfirstwpcom/app/public/wp-settings.php:555
[01-Feb-2022 13:39:08 UTC] PHP Warning:  require(/Users/vesnaelenchevska/Local Sites/myfirstwpcom/app/public/wp-content/themes/twentytwentytwo/my-block/src/block/style.scss): failed to open stream: No such file or directory in /Users/vesnaelenchevska/Local Sites/myfirstwpcom/app/public/wp-content/themes/twentytwentytwo/functions.php on line 157
[01-Feb-2022 13:39:08 UTC] PHP Stack trace:
[01-Feb-2022 13:39:08 UTC] PHP   1. {main}() /Users/vesnaelenchevska/Local Sites/myfirstwpcom/app/public/wp-admin/post.php:0
[01-Feb-2022 13:39:08 UTC] PHP   2. require_once() /Users/vesnaelenchevska/Local Sites/myfirstwpcom/app/public/wp-admin/post.php:12
[01-Feb-2022 13:39:08 UTC] PHP   3. require_once() /Users/vesnaelenchevska/Local Sites/myfirstwpcom/app/public/wp-admin/admin.php:34
[01-Feb-2022 13:39:08 UTC] PHP   4. require_once() /Users/vesnaelenchevska/Local Sites/myfirstwpcom/app/public/wp-load.php:50
[01-Feb-2022 13:39:08 UTC] PHP   5. require_once() /Users/vesnaelenchevska/Local Sites/myfirstwpcom/app/public/wp-config.php:77
[01-Feb-2022 13:39:08 UTC] PHP   6. include() /Users/vesnaelenchevska/Local Sites/myfirstwpcom/app/public/wp-settings.php:555
[01-Feb-2022 13:39:08 UTC] PHP Fatal error:  require(): Failed opening required '/Users/vesnaelenchevska/Local Sites/myfirstwpcom/app/public/wp-content/themes/twentytwentytwo/my-block/src/block/style.scss' (include_path='.:/usr/share/php:/www/wp-content/pear') in /Users/vesnaelenchevska/Local Sites/myfirstwpcom/app/public/wp-content/themes/twentytwentytwo/functions.php on line 157
[01-Feb-2022 13:39:08 UTC] PHP Stack trace:
[01-Feb-2022 13:39:08 UTC] PHP   1. {main}() /Users/vesnaelenchevska/Local Sites/myfirstwpcom/app/public/wp-admin/post.php:0
[01-Feb-2022 13:39:08 UTC] PHP   2. require_once() /Users/vesnaelenchevska/Local Sites/myfirstwpcom/app/public/wp-admin/post.php:12
[01-Feb-2022 13:39:08 UTC] PHP   3. require_once() /Users/vesnaelenchevska/Local Sites/myfirstwpcom/app/public/wp-admin/admin.php:34
[01-Feb-2022 13:39:08 UTC] PHP   4. require_once() /Users/vesnaelenchevska/Local Sites/myfirstwpcom/app/public/wp-load.php:50
[01-Feb-2022 13:39:08 UTC] PHP   5. require_once() /Users/vesnaelenchevska/Local Sites/myfirstwpcom/app/public/wp-config.php:77
[01-Feb-2022 13:39:08 UTC] PHP   6. include() /Users/vesnaelenchevska/Local Sites/myfirstwpcom/app/public/wp-settings.php:555
[01-Feb-2022 13:39:08 UTC] PHP Warning:  require(/Users/vesnaelenchevska/Local Sites/myfirstwpcom/app/public/wp-content/themes/twentytwentytwo/my-block/src/block/style.scss): failed to open stream: No such file or directory in /Users/vesnaelenchevska/Local Sites/myfirstwpcom/app/public/wp-content/themes/twentytwentytwo/functions.php on line 157
[01-Feb-2022 13:39:08 UTC] PHP Stack trace:
[01-Feb-2022 13:39:08 UTC] PHP   1. {main}() /Users/vesnaelenchevska/Local Sites/myfirstwpcom/app/public/index.php:0
[01-Feb-2022 13:39:08 UTC] PHP   2. require() /Users/vesnaelenchevska/Local Sites/myfirstwpcom/app/public/index.php:17
[01-Feb-2022 13:39:08 UTC] PHP   3. require_once() /Users/vesnaelenchevska/Local Sites/myfirstwpcom/app/public/wp-blog-header.php:13
[01-Feb-2022 13:39:08 UTC] PHP   4. require_once() /Users/vesnaelenchevska/Local Sites/myfirstwpcom/app/public/wp-load.php:50
[01-Feb-2022 13:39:08 UTC] PHP   5. require_once() /Users/vesnaelenchevska/Local Sites/myfirstwpcom/app/public/wp-config.php:77
[01-Feb-2022 13:39:08 UTC] PHP   6. include() /Users/vesnaelenchevska/Local Sites/myfirstwpcom/app/public/wp-settings.php:555
[01-Feb-2022 13:39:08 UTC] PHP Fatal error:  require(): Failed opening required '/Users/vesnaelenchevska/Local Sites/myfirstwpcom/app/public/wp-content/themes/twentytwentytwo/my-block/src/block/style.scss' (include_path='.:/usr/share/php:/www/wp-content/pear') in /Users/vesnaelenchevska/Local Sites/myfirstwpcom/app/public/wp-content/themes/twentytwentytwo/functions.php on line 157
[01-Feb-2022 13:39:08 UTC] PHP Stack trace:
[01-Feb-2022 13:39:08 UTC] PHP   1. {main}() /Users/vesnaelenchevska/Local Sites/myfirstwpcom/app/public/index.php:0
[01-Feb-2022 13:39:08 UTC] PHP   2. require() /Users/vesnaelenchevska/Local Sites/myfirstwpcom/app/public/index.php:17
[01-Feb-2022 13:39:08 UTC] PHP   3. require_once() /Users/vesnaelenchevska/Local Sites/myfirstwpcom/app/public/wp-blog-header.php:13
[01-Feb-2022 13:39:08 UTC] PHP   4. require_once() /Users/vesnaelenchevska/Local Sites/myfirstwpcom/app/public/wp-load.php:50
[01-Feb-2022 13:39:08 UTC] PHP   5. require_once() /Users/vesnaelenchevska/Local Sites/myfirstwpcom/app/public/wp-config.php:77
[01-Feb-2022 13:39:08 UTC] PHP   6. include() /Users/vesnaelenchevska/Local Sites/myfirstwpcom/app/public/wp-settings.php:555
[01-Feb-2022 13:40:19 UTC] PHP Warning:  get_resources():  Unknown resource type '/my-block/src/block/style.scss' in /Users/vesnaelenchevska/Local Sites/myfirstwpcom/app/public/wp-content/themes/twentytwentytwo/functions.php on line 157
[01-Feb-2022 13:40:19 UTC] PHP Stack trace:
[01-Feb-2022 13:40:19 UTC] PHP   1. {main}() /Users/vesnaelenchevska/Local Sites/myfirstwpcom/app/public/wp-admin/post.php:0
[01-Feb-2022 13:40:19 UTC] PHP   2. require_once() /Users/vesnaelenchevska/Local Sites/myfirstwpcom/app/public/wp-admin/post.php:12
[01-Feb-2022 13:40:19 UTC] PHP   3. require_once() /Users/vesnaelenchevska/Local Sites/myfirstwpcom/app/public/wp-admin/admin.php:34
[01-Feb-2022 13:40:19 UTC] PHP   4. require_once() /Users/vesnaelenchevska/Local Sites/myfirstwpcom/app/public/wp-load.php:50
[01-Feb-2022 13:40:19 UTC] PHP   5. require_once() /Users/vesnaelenchevska/Local Sites/myfirstwpcom/app/public/wp-config.php:77
[01-Feb-2022 13:40:19 UTC] PHP   6. include() /Users/vesnaelenchevska/Local Sites/myfirstwpcom/app/public/wp-settings.php:555
[01-Feb-2022 13:40:19 UTC] PHP   7. get_resources() /Users/vesnaelenchevska/Local Sites/myfirstwpcom/app/public/wp-content/themes/twentytwentytwo/functions.php:157
[01-Feb-2022 13:40:19 UTC] PHP Warning:  require(): Filename cannot be empty in /Users/vesnaelenchevska/Local Sites/myfirstwpcom/app/public/wp-content/themes/twentytwentytwo/functions.php on line 157
[01-Feb-2022 13:40:19 UTC] PHP Stack trace:
[01-Feb-2022 13:40:19 UTC] PHP   1. {main}() /Users/vesnaelenchevska/Local Sites/myfirstwpcom/app/public/wp-admin/post.php:0
[01-Feb-2022 13:40:19 UTC] PHP   2. require_once() /Users/vesnaelenchevska/Local Sites/myfirstwpcom/app/public/wp-admin/post.php:12
[01-Feb-2022 13:40:19 UTC] PHP   3. require_once() /Users/vesnaelenchevska/Local Sites/myfirstwpcom/app/public/wp-admin/admin.php:34
[01-Feb-2022 13:40:19 UTC] PHP   4. require_once() /Users/vesnaelenchevska/Local Sites/myfirstwpcom/app/public/wp-load.php:50
[01-Feb-2022 13:40:19 UTC] PHP   5. require_once() /Users/vesnaelenchevska/Local Sites/myfirstwpcom/app/public/wp-config.php:77
[01-Feb-2022 13:40:19 UTC] PHP   6. include() /Users/vesnaelenchevska/Local Sites/myfirstwpcom/app/public/wp-settings.php:555
[01-Feb-2022 13:40:19 UTC] PHP Fatal error:  require(): Failed opening required '' (include_path='.:/usr/share/php:/www/wp-content/pear') in /Users/vesnaelenchevska/Local Sites/myfirstwpcom/app/public/wp-content/themes/twentytwentytwo/functions.php on line 157
[01-Feb-2022 13:40:19 UTC] PHP Stack trace:
[01-Feb-2022 13:40:19 UTC] PHP   1. {main}() /Users/vesnaelenchevska/Local Sites/myfirstwpcom/app/public/wp-admin/post.php:0
[01-Feb-2022 13:40:19 UTC] PHP   2. require_once() /Users/vesnaelenchevska/Local Sites/myfirstwpcom/app/public/wp-admin/post.php:12
[01-Feb-2022 13:40:19 UTC] PHP   3. require_once() /Users/vesnaelenchevska/Local Sites/myfirstwpcom/app/public/wp-admin/admin.php:34
[01-Feb-2022 13:40:19 UTC] PHP   4. require_once() /Users/vesnaelenchevska/Local Sites/myfirstwpcom/app/public/wp-load.php:50
[01-Feb-2022 13:40:19 UTC] PHP   5. require_once() /Users/vesnaelenchevska/Local Sites/myfirstwpcom/app/public/wp-config.php:77
[01-Feb-2022 13:40:19 UTC] PHP   6. include() /Users/vesnaelenchevska/Local Sites/myfirstwpcom/app/public/wp-settings.php:555
[01-Feb-2022 13:40:19 UTC] PHP Warning:  get_resources():  Unknown resource type '/my-block/src/block/style.scss' in /Users/vesnaelenchevska/Local Sites/myfirstwpcom/app/public/wp-content/themes/twentytwentytwo/functions.php on line 157
[01-Feb-2022 13:40:19 UTC] PHP Stack trace:
[01-Feb-2022 13:40:19 UTC] PHP   1. {main}() /Users/vesnaelenchevska/Local Sites/myfirstwpcom/app/public/index.php:0
[01-Feb-2022 13:40:19 UTC] PHP   2. require() /Users/vesnaelenchevska/Local Sites/myfirstwpcom/app/public/index.php:17
[01-Feb-2022 13:40:19 UTC] PHP   3. require_once() /Users/vesnaelenchevska/Local Sites/myfirstwpcom/app/public/wp-blog-header.php:13
[01-Feb-2022 13:40:19 UTC] PHP   4. require_once() /Users/vesnaelenchevska/Local Sites/myfirstwpcom/app/public/wp-load.php:50
[01-Feb-2022 13:40:19 UTC] PHP   5. require_once() /Users/vesnaelenchevska/Local Sites/myfirstwpcom/app/public/wp-config.php:77
[01-Feb-2022 13:40:19 UTC] PHP   6. include() /Users/vesnaelenchevska/Local Sites/myfirstwpcom/app/public/wp-settings.php:555
[01-Feb-2022 13:40:19 UTC] PHP   7. get_resources() /Users/vesnaelenchevska/Local Sites/myfirstwpcom/app/public/wp-content/themes/twentytwentytwo/functions.php:157
[01-Feb-2022 13:40:19 UTC] PHP Warning:  require(): Filename cannot be empty in /Users/vesnaelenchevska/Local Sites/myfirstwpcom/app/public/wp-content/themes/twentytwentytwo/functions.php on line 157
[01-Feb-2022 13:40:19 UTC] PHP Stack trace:
[01-Feb-2022 13:40:19 UTC] PHP   1. {main}() /Users/vesnaelenchevska/Local Sites/myfirstwpcom/app/public/index.php:0
[01-Feb-2022 13:40:19 UTC] PHP   2. require() /Users/vesnaelenchevska/Local Sites/myfirstwpcom/app/public/index.php:17
[01-Feb-2022 13:40:19 UTC] PHP   3. require_once() /Users/vesnaelenchevska/Local Sites/myfirstwpcom/app/public/wp-blog-header.php:13
[01-Feb-2022 13:40:19 UTC] PHP   4. require_once() /Users/vesnaelenchevska/Local Sites/myfirstwpcom/app/public/wp-load.php:50
[01-Feb-2022 13:40:19 UTC] PHP   5. require_once() /Users/vesnaelenchevska/Local Sites/myfirstwpcom/app/public/wp-config.php:77
[01-Feb-2022 13:40:19 UTC] PHP   6. include() /Users/vesnaelenchevska/Local Sites/myfirstwpcom/app/public/wp-settings.php:555
[01-Feb-2022 13:40:19 UTC] PHP Fatal error:  require(): Failed opening required '' (include_path='.:/usr/share/php:/www/wp-content/pear') in /Users/vesnaelenchevska/Local Sites/myfirstwpcom/app/public/wp-content/themes/twentytwentytwo/functions.php on line 157
[01-Feb-2022 13:40:19 UTC] PHP Stack trace:
[01-Feb-2022 13:40:19 UTC] PHP   1. {main}() /Users/vesnaelenchevska/Local Sites/myfirstwpcom/app/public/index.php:0
[01-Feb-2022 13:40:19 UTC] PHP   2. require() /Users/vesnaelenchevska/Local Sites/myfirstwpcom/app/public/index.php:17
[01-Feb-2022 13:40:19 UTC] PHP   3. require_once() /Users/vesnaelenchevska/Local Sites/myfirstwpcom/app/public/wp-blog-header.php:13
[01-Feb-2022 13:40:19 UTC] PHP   4. require_once() /Users/vesnaelenchevska/Local Sites/myfirstwpcom/app/public/wp-load.php:50
[01-Feb-2022 13:40:19 UTC] PHP   5. require_once() /Users/vesnaelenchevska/Local Sites/myfirstwpcom/app/public/wp-config.php:77
[01-Feb-2022 13:40:19 UTC] PHP   6. include() /Users/vesnaelenchevska/Local Sites/myfirstwpcom/app/public/wp-settings.php:555
[01-Feb-2022 13:40:19 UTC] PHP Warning:  get_resources():  Unknown resource type '/my-block/src/block/style.scss' in /Users/vesnaelenchevska/Local Sites/myfirstwpcom/app/public/wp-content/themes/twentytwentytwo/functions.php on line 157
[01-Feb-2022 13:40:19 UTC] PHP Stack trace:
[01-Feb-2022 13:40:19 UTC] PHP   1. {main}() /Users/vesnaelenchevska/Local Sites/myfirstwpcom/app/public/wp-admin/post.php:0
[01-Feb-2022 13:40:19 UTC] PHP   2. require_once() /Users/vesnaelenchevska/Local Sites/myfirstwpcom/app/public/wp-admin/post.php:12
[01-Feb-2022 13:40:19 UTC] PHP   3. require_once() /Users/vesnaelenchevska/Local Sites/myfirstwpcom/app/public/wp-admin/admin.php:34
[01-Feb-2022 13:40:19 UTC] PHP   4. require_once() /Users/vesnaelenchevska/Local Sites/myfirstwpcom/app/public/wp-load.php:50
[01-Feb-2022 13:40:19 UTC] PHP   5. require_once() /Users/vesnaelenchevska/Local Sites/myfirstwpcom/app/public/wp-config.php:77
[01-Feb-2022 13:40:19 UTC] PHP   6. include() /Users/vesnaelenchevska/Local Sites/myfirstwpcom/app/public/wp-settings.php:555
[01-Feb-2022 13:40:19 UTC] PHP   7. get_resources() /Users/vesnaelenchevska/Local Sites/myfirstwpcom/app/public/wp-content/themes/twentytwentytwo/functions.php:157
[01-Feb-2022 13:40:19 UTC] PHP Warning:  require(): Filename cannot be empty in /Users/vesnaelenchevska/Local Sites/myfirstwpcom/app/public/wp-content/themes/twentytwentytwo/functions.php on line 157
[01-Feb-2022 13:40:19 UTC] PHP Stack trace:
[01-Feb-2022 13:40:19 UTC] PHP   1. {main}() /Users/vesnaelenchevska/Local Sites/myfirstwpcom/app/public/wp-admin/post.php:0
[01-Feb-2022 13:40:19 UTC] PHP   2. require_once() /Users/vesnaelenchevska/Local Sites/myfirstwpcom/app/public/wp-admin/post.php:12
[01-Feb-2022 13:40:19 UTC] PHP   3. require_once() /Users/vesnaelenchevska/Local Sites/myfirstwpcom/app/public/wp-admin/admin.php:34
[01-Feb-2022 13:40:19 UTC] PHP   4. require_once() /Users/vesnaelenchevska/Local Sites/myfirstwpcom/app/public/wp-load.php:50
[01-Feb-2022 13:40:19 UTC] PHP   5. require_once() /Users/vesnaelenchevska/Local Sites/myfirstwpcom/app/public/wp-config.php:77
[01-Feb-2022 13:40:19 UTC] PHP   6. include() /Users/vesnaelenchevska/Local Sites/myfirstwpcom/app/public/wp-settings.php:555
[01-Feb-2022 13:40:19 UTC] PHP Fatal error:  require(): Failed opening required '' (include_path='.:/usr/share/php:/www/wp-content/pear') in /Users/vesnaelenchevska/Local Sites/myfirstwpcom/app/public/wp-content/themes/twentytwentytwo/functions.php on line 157
[01-Feb-2022 13:40:19 UTC] PHP Stack trace:
[01-Feb-2022 13:40:19 UTC] PHP   1. {main}() /Users/vesnaelenchevska/Local Sites/myfirstwpcom/app/public/wp-admin/post.php:0
[01-Feb-2022 13:40:19 UTC] PHP   2. require_once() /Users/vesnaelenchevska/Local Sites/myfirstwpcom/app/public/wp-admin/post.php:12
[01-Feb-2022 13:40:19 UTC] PHP   3. require_once() /Users/vesnaelenchevska/Local Sites/myfirstwpcom/app/public/wp-admin/admin.php:34
[01-Feb-2022 13:40:19 UTC] PHP   4. require_once() /Users/vesnaelenchevska/Local Sites/myfirstwpcom/app/public/wp-load.php:50
[01-Feb-2022 13:40:19 UTC] PHP   5. require_once() /Users/vesnaelenchevska/Local Sites/myfirstwpcom/app/public/wp-config.php:77
[01-Feb-2022 13:40:19 UTC] PHP   6. include() /Users/vesnaelenchevska/Local Sites/myfirstwpcom/app/public/wp-settings.php:555
[01-Feb-2022 13:40:19 UTC] PHP Warning:  get_resources():  Unknown resource type '/my-block/src/block/style.scss' in /Users/vesnaelenchevska/Local Sites/myfirstwpcom/app/public/wp-content/themes/twentytwentytwo/functions.php on line 157
[01-Feb-2022 13:40:19 UTC] PHP Stack trace:
[01-Feb-2022 13:40:19 UTC] PHP   1. {main}() /Users/vesnaelenchevska/Local Sites/myfirstwpcom/app/public/index.php:0
[01-Feb-2022 13:40:19 UTC] PHP   2. require() /Users/vesnaelenchevska/Local Sites/myfirstwpcom/app/public/index.php:17
[01-Feb-2022 13:40:19 UTC] PHP   3. require_once() /Users/vesnaelenchevska/Local Sites/myfirstwpcom/app/public/wp-blog-header.php:13
[01-Feb-2022 13:40:19 UTC] PHP   4. require_once() /Users/vesnaelenchevska/Local Sites/myfirstwpcom/app/public/wp-load.php:50
[01-Feb-2022 13:40:19 UTC] PHP   5. require_once() /Users/vesnaelenchevska/Local Sites/myfirstwpcom/app/public/wp-config.php:77
[01-Feb-2022 13:40:19 UTC] PHP   6. include() /Users/vesnaelenchevska/Local Sites/myfirstwpcom/app/public/wp-settings.php:555
[01-Feb-2022 13:40:19 UTC] PHP   7. get_resources() /Users/vesnaelenchevska/Local Sites/myfirstwpcom/app/public/wp-content/themes/twentytwentytwo/functions.php:157
[01-Feb-2022 13:40:19 UTC] PHP Warning:  require(): Filename cannot be empty in /Users/vesnaelenchevska/Local Sites/myfirstwpcom/app/public/wp-content/themes/twentytwentytwo/functions.php on line 157
[01-Feb-2022 13:40:19 UTC] PHP Stack trace:
[01-Feb-2022 13:40:19 UTC] PHP   1. {main}() /Users/vesnaelenchevska/Local Sites/myfirstwpcom/app/public/index.php:0
[01-Feb-2022 13:40:19 UTC] PHP   2. require() /Users/vesnaelenchevska/Local Sites/myfirstwpcom/app/public/index.php:17
[01-Feb-2022 13:40:19 UTC] PHP   3. require_once() /Users/vesnaelenchevska/Local Sites/myfirstwpcom/app/public/wp-blog-header.php:13
[01-Feb-2022 13:40:19 UTC] PHP   4. require_once() /Users/vesnaelenchevska/Local Sites/myfirstwpcom/app/public/wp-load.php:50
[01-Feb-2022 13:40:19 UTC] PHP   5. require_once() /Users/vesnaelenchevska/Local Sites/myfirstwpcom/app/public/wp-config.php:77
[01-Feb-2022 13:40:19 UTC] PHP   6. include() /Users/vesnaelenchevska/Local Sites/myfirstwpcom/app/public/wp-settings.php:555
[01-Feb-2022 13:40:19 UTC] PHP Fatal error:  require(): Failed opening required '' (include_path='.:/usr/share/php:/www/wp-content/pear') in /Users/vesnaelenchevska/Local Sites/myfirstwpcom/app/public/wp-content/themes/twentytwentytwo/functions.php on line 157
[01-Feb-2022 13:40:19 UTC] PHP Stack trace:
[01-Feb-2022 13:40:19 UTC] PHP   1. {main}() /Users/vesnaelenchevska/Local Sites/myfirstwpcom/app/public/index.php:0
[01-Feb-2022 13:40:19 UTC] PHP   2. require() /Users/vesnaelenchevska/Local Sites/myfirstwpcom/app/public/index.php:17
[01-Feb-2022 13:40:19 UTC] PHP   3. require_once() /Users/vesnaelenchevska/Local Sites/myfirstwpcom/app/public/wp-blog-header.php:13
[01-Feb-2022 13:40:19 UTC] PHP   4. require_once() /Users/vesnaelenchevska/Local Sites/myfirstwpcom/app/public/wp-load.php:50
[01-Feb-2022 13:40:19 UTC] PHP   5. require_once() /Users/vesnaelenchevska/Local Sites/myfirstwpcom/app/public/wp-config.php:77
[01-Feb-2022 13:40:19 UTC] PHP   6. include() /Users/vesnaelenchevska/Local Sites/myfirstwpcom/app/public/wp-settings.php:555
[01-Feb-2022 13:43:28 UTC] PHP Parse error:  syntax error, unexpected '$stylesheet' (T_VARIABLE), expecting ')' in /Users/vesnaelenchevska/Local Sites/myfirstwpcom/app/public/wp-content/themes/twentytwentytwo/functions.php on line 157
[01-Feb-2022 13:45:29 UTC] PHP Parse error:  syntax error, unexpected 'if' (T_IF) in /Users/vesnaelenchevska/Local Sites/myfirstwpcom/app/public/wp-content/themes/twentytwentytwo/functions.php on line 159
[02-Feb-2022 20:15:43 UTC] PHP Fatal error:  Cannot redeclare my_block_cgb_block_assets() (previously declared in /Users/vesnaelenchevska/Local Sites/myfirstwpcom/app/public/wp-content/plugins/my-block/src/init.php:30) in /Users/vesnaelenchevska/Local Sites/myfirstwpcom/app/public/wp-content/plugins/easy-casino-table/src/init.php on line 30
[02-Feb-2022 20:15:43 UTC] PHP Stack trace:
[02-Feb-2022 20:15:43 UTC] PHP   1. {main}() /Users/vesnaelenchevska/Local Sites/myfirstwpcom/app/public/index.php:0
[02-Feb-2022 20:15:43 UTC] PHP   2. require() /Users/vesnaelenchevska/Local Sites/myfirstwpcom/app/public/index.php:17
[02-Feb-2022 20:15:43 UTC] PHP   3. wp() /Users/vesnaelenchevska/Local Sites/myfirstwpcom/app/public/wp-blog-header.php:16
[02-Feb-2022 20:15:43 UTC] PHP   4. WP->main() /Users/vesnaelenchevska/Local Sites/myfirstwpcom/app/public/wp-includes/functions.php:1310
[02-Feb-2022 20:15:43 UTC] PHP   5. WP->parse_request() /Users/vesnaelenchevska/Local Sites/myfirstwpcom/app/public/wp-includes/class-wp.php:758
[02-Feb-2022 20:15:43 UTC] PHP   6. do_action_ref_array() /Users/vesnaelenchevska/Local Sites/myfirstwpcom/app/public/wp-includes/class-wp.php:396
[02-Feb-2022 20:15:43 UTC] PHP   7. WP_Hook->do_action() /Users/vesnaelenchevska/Local Sites/myfirstwpcom/app/public/wp-includes/plugin.php:522
[02-Feb-2022 20:15:43 UTC] PHP   8. WP_Hook->apply_filters() /Users/vesnaelenchevska/Local Sites/myfirstwpcom/app/public/wp-includes/class-wp-hook.php:331
[02-Feb-2022 20:15:43 UTC] PHP   9. rest_api_loaded() /Users/vesnaelenchevska/Local Sites/myfirstwpcom/app/public/wp-includes/class-wp-hook.php:307
[02-Feb-2022 20:15:43 UTC] PHP  10. WP_REST_Server->serve_request() /Users/vesnaelenchevska/Local Sites/myfirstwpcom/app/public/wp-includes/rest-api.php:386
[02-Feb-2022 20:15:43 UTC] PHP  11. WP_REST_Server->dispatch() /Users/vesnaelenchevska/Local Sites/myfirstwpcom/app/public/wp-includes/rest-api/class-wp-rest-server.php:414
[02-Feb-2022 20:15:43 UTC] PHP  12. WP_REST_Server->respond_to_request() /Users/vesnaelenchevska/Local Sites/myfirstwpcom/app/public/wp-includes/rest-api/class-wp-rest-server.php:988
[02-Feb-2022 20:15:43 UTC] PHP  13. WP_REST_Plugins_Controller->create_item() /Users/vesnaelenchevska/Local Sites/myfirstwpcom/app/public/wp-includes/rest-api/class-wp-rest-server.php:1141
[02-Feb-2022 20:15:43 UTC] PHP  14. WP_REST_Plugins_Controller->handle_plugin_status() /Users/vesnaelenchevska/Local Sites/myfirstwpcom/app/public/wp-includes/rest-api/endpoints/class-wp-rest-plugins-controller.php:371
[02-Feb-2022 20:15:43 UTC] PHP  15. activate_plugin() /Users/vesnaelenchevska/Local Sites/myfirstwpcom/app/public/wp-includes/rest-api/endpoints/class-wp-rest-plugins-controller.php:743
[02-Feb-2022 20:15:43 UTC] PHP  16. plugin_sandbox_scrape() /Users/vesnaelenchevska/Local Sites/myfirstwpcom/app/public/wp-admin/includes/plugin.php:659
[02-Feb-2022 20:15:43 UTC] PHP  17. include_once() /Users/vesnaelenchevska/Local Sites/myfirstwpcom/app/public/wp-admin/includes/plugin.php:2288
[03-Feb-2022 04:44:12 UTC] PHP Warning:  An unexpected error occurred. Something may be wrong with WordPress.org or this server&#8217;s configuration. If you continue to have problems, please try the <a href="https://wordpress.org/support/forums/">support forums</a>. (WordPress could not establish a secure connection to WordPress.org. Please contact your server administrator.) in /Users/vesnaelenchevska/Local Sites/myfirstwpcom/app/public/wp-includes/update.php on line 413
[03-Feb-2022 04:44:12 UTC] PHP Stack trace:
[03-Feb-2022 04:44:12 UTC] PHP   1. {main}() /Users/vesnaelenchevska/Local Sites/myfirstwpcom/app/public/wp-cron.php:0
[03-Feb-2022 04:44:12 UTC] PHP   2. do_action_ref_array() /Users/vesnaelenchevska/Local Sites/myfirstwpcom/app/public/wp-cron.php:138
[03-Feb-2022 04:44:12 UTC] PHP   3. WP_Hook->do_action() /Users/vesnaelenchevska/Local Sites/myfirstwpcom/app/public/wp-includes/plugin.php:522
[03-Feb-2022 04:44:12 UTC] PHP   4. WP_Hook->apply_filters() /Users/vesnaelenchevska/Local Sites/myfirstwpcom/app/public/wp-includes/class-wp-hook.php:331
[03-Feb-2022 04:44:12 UTC] PHP   5. wp_version_check() /Users/vesnaelenchevska/Local Sites/myfirstwpcom/app/public/wp-includes/class-wp-hook.php:307
[03-Feb-2022 04:44:12 UTC] PHP   6. do_action() /Users/vesnaelenchevska/Local Sites/myfirstwpcom/app/public/wp-includes/update.php:256
[03-Feb-2022 04:44:12 UTC] PHP   7. WP_Hook->do_action() /Users/vesnaelenchevska/Local Sites/myfirstwpcom/app/public/wp-includes/plugin.php:474
[03-Feb-2022 04:44:12 UTC] PHP   8. WP_Hook->apply_filters() /Users/vesnaelenchevska/Local Sites/myfirstwpcom/app/public/wp-includes/class-wp-hook.php:331
[03-Feb-2022 04:44:12 UTC] PHP   9. wp_maybe_auto_update() /Users/vesnaelenchevska/Local Sites/myfirstwpcom/app/public/wp-includes/class-wp-hook.php:307
[03-Feb-2022 04:44:12 UTC] PHP  10. WP_Automatic_Updater->run() /Users/vesnaelenchevska/Local Sites/myfirstwpcom/app/public/wp-includes/update.php:729
[03-Feb-2022 04:44:12 UTC] PHP  11. wp_update_plugins() /Users/vesnaelenchevska/Local Sites/myfirstwpcom/app/public/wp-admin/includes/class-wp-automatic-updater.php:510
[03-Feb-2022 04:44:12 UTC] PHP  12. trigger_error() /Users/vesnaelenchevska/Local Sites/myfirstwpcom/app/public/wp-includes/update.php:413
[03-Feb-2022 13:39:27 UTC] PHP Fatal error:  Cannot redeclare my_block_cgb_block_assets() (previously declared in /Users/vesnaelenchevska/Local Sites/myfirstwpcom/app/public/wp-content/plugins/my-block/src/init.php:30) in /Users/vesnaelenchevska/Local Sites/myfirstwpcom/app/public/wp-content/plugins/easy-casino-table/src/init.php on line 30
[03-Feb-2022 13:39:27 UTC] PHP Stack trace:
[03-Feb-2022 13:39:27 UTC] PHP   1. {main}() /Users/vesnaelenchevska/Local Sites/myfirstwpcom/app/public/index.php:0
[03-Feb-2022 13:39:27 UTC] PHP   2. require() /Users/vesnaelenchevska/Local Sites/myfirstwpcom/app/public/index.php:17
[03-Feb-2022 13:39:27 UTC] PHP   3. wp() /Users/vesnaelenchevska/Local Sites/myfirstwpcom/app/public/wp-blog-header.php:16
[03-Feb-2022 13:39:27 UTC] PHP   4. WP->main() /Users/vesnaelenchevska/Local Sites/myfirstwpcom/app/public/wp-includes/functions.php:1310
[03-Feb-2022 13:39:27 UTC] PHP   5. WP->parse_request() /Users/vesnaelenchevska/Local Sites/myfirstwpcom/app/public/wp-includes/class-wp.php:758
[03-Feb-2022 13:39:27 UTC] PHP   6. do_action_ref_array() /Users/vesnaelenchevska/Local Sites/myfirstwpcom/app/public/wp-includes/class-wp.php:396
[03-Feb-2022 13:39:27 UTC] PHP   7. WP_Hook->do_action() /Users/vesnaelenchevska/Local Sites/myfirstwpcom/app/public/wp-includes/plugin.php:522
[03-Feb-2022 13:39:27 UTC] PHP   8. WP_Hook->apply_filters() /Users/vesnaelenchevska/Local Sites/myfirstwpcom/app/public/wp-includes/class-wp-hook.php:331
[03-Feb-2022 13:39:27 UTC] PHP   9. rest_api_loaded() /Users/vesnaelenchevska/Local Sites/myfirstwpcom/app/public/wp-includes/class-wp-hook.php:307
[03-Feb-2022 13:39:27 UTC] PHP  10. WP_REST_Server->serve_request() /Users/vesnaelenchevska/Local Sites/myfirstwpcom/app/public/wp-includes/rest-api.php:386
[03-Feb-2022 13:39:27 UTC] PHP  11. WP_REST_Server->dispatch() /Users/vesnaelenchevska/Local Sites/myfirstwpcom/app/public/wp-includes/rest-api/class-wp-rest-server.php:414
[03-Feb-2022 13:39:27 UTC] PHP  12. WP_REST_Server->respond_to_request() /Users/vesnaelenchevska/Local Sites/myfirstwpcom/app/public/wp-includes/rest-api/class-wp-rest-server.php:988
[03-Feb-2022 13:39:27 UTC] PHP  13. WP_REST_Plugins_Controller->create_item() /Users/vesnaelenchevska/Local Sites/myfirstwpcom/app/public/wp-includes/rest-api/class-wp-rest-server.php:1141
[03-Feb-2022 13:39:27 UTC] PHP  14. WP_REST_Plugins_Controller->handle_plugin_status() /Users/vesnaelenchevska/Local Sites/myfirstwpcom/app/public/wp-includes/rest-api/endpoints/class-wp-rest-plugins-controller.php:371
[03-Feb-2022 13:39:27 UTC] PHP  15. activate_plugin() /Users/vesnaelenchevska/Local Sites/myfirstwpcom/app/public/wp-includes/rest-api/endpoints/class-wp-rest-plugins-controller.php:743
[03-Feb-2022 13:39:27 UTC] PHP  16. plugin_sandbox_scrape() /Users/vesnaelenchevska/Local Sites/myfirstwpcom/app/public/wp-admin/includes/plugin.php:659
[03-Feb-2022 13:39:27 UTC] PHP  17. include_once() /Users/vesnaelenchevska/Local Sites/myfirstwpcom/app/public/wp-admin/includes/plugin.php:2288
[03-Feb-2022 23:32:16 UTC] PHP Warning:  An unexpected error occurred. Something may be wrong with WordPress.org or this server&#8217;s configuration. If you continue to have problems, please try the <a href="https://wordpress.org/support/forums/">support forums</a>. (WordPress could not establish a secure connection to WordPress.org. Please contact your server administrator.) in /Users/vesnaelenchevska/Local Sites/myfirstwpcom/app/public/wp-includes/update.php on line 175
[03-Feb-2022 23:32:16 UTC] PHP Stack trace:
[03-Feb-2022 23:32:16 UTC] PHP   1. {main}() /Users/vesnaelenchevska/Local Sites/myfirstwpcom/app/public/wp-cron.php:0
[03-Feb-2022 23:32:16 UTC] PHP   2. do_action_ref_array() /Users/vesnaelenchevska/Local Sites/myfirstwpcom/app/public/wp-cron.php:138
[03-Feb-2022 23:32:16 UTC] PHP   3. WP_Hook->do_action() /Users/vesnaelenchevska/Local Sites/myfirstwpcom/app/public/wp-includes/plugin.php:522
[03-Feb-2022 23:32:16 UTC] PHP   4. WP_Hook->apply_filters() /Users/vesnaelenchevska/Local Sites/myfirstwpcom/app/public/wp-includes/class-wp-hook.php:331
[03-Feb-2022 23:32:16 UTC] PHP   5. wp_version_check() /Users/vesnaelenchevska/Local Sites/myfirstwpcom/app/public/wp-includes/class-wp-hook.php:307
[03-Feb-2022 23:32:16 UTC] PHP   6. trigger_error() /Users/vesnaelenchevska/Local Sites/myfirstwpcom/app/public/wp-includes/update.php:175
[04-Feb-2022 00:06:38 UTC] PHP Warning:  An unexpected error occurred. Something may be wrong with WordPress.org or this server&#8217;s configuration. If you continue to have problems, please try the <a href="https://wordpress.org/support/forums/">support forums</a>. (WordPress could not establish a secure connection to WordPress.org. Please contact your server administrator.) in /Users/vesnaelenchevska/Local Sites/myfirstwpcom/app/public/wp-includes/update.php on line 413
[04-Feb-2022 00:06:38 UTC] PHP Stack trace:
[04-Feb-2022 00:06:38 UTC] PHP   1. {main}() /Users/vesnaelenchevska/Local Sites/myfirstwpcom/app/public/wp-cron.php:0
[04-Feb-2022 00:06:38 UTC] PHP   2. do_action_ref_array() /Users/vesnaelenchevska/Local Sites/myfirstwpcom/app/public/wp-cron.php:138
[04-Feb-2022 00:06:38 UTC] PHP   3. WP_Hook->do_action() /Users/vesnaelenchevska/Local Sites/myfirstwpcom/app/public/wp-includes/plugin.php:522
[04-Feb-2022 00:06:38 UTC] PHP   4. WP_Hook->apply_filters() /Users/vesnaelenchevska/Local Sites/myfirstwpcom/app/public/wp-includes/class-wp-hook.php:331
[04-Feb-2022 00:06:38 UTC] PHP   5. wp_update_plugins() /Users/vesnaelenchevska/Local Sites/myfirstwpcom/app/public/wp-includes/class-wp-hook.php:307
[04-Feb-2022 00:06:38 UTC] PHP   6. trigger_error() /Users/vesnaelenchevska/Local Sites/myfirstwpcom/app/public/wp-includes/update.php:413
[04-Feb-2022 00:38:05 UTC] PHP Warning:  An unexpected error occurred. Something may be wrong with WordPress.org or this server&#8217;s configuration. If you continue to have problems, please try the <a href="https://wordpress.org/support/forums/">support forums</a>. (WordPress could not establish a secure connection to WordPress.org. Please contact your server administrator.) in /Users/vesnaelenchevska/Local Sites/myfirstwpcom/app/public/wp-includes/update.php on line 693
[04-Feb-2022 00:38:05 UTC] PHP Stack trace:
[04-Feb-2022 00:38:05 UTC] PHP   1. {main}() /Users/vesnaelenchevska/Local Sites/myfirstwpcom/app/public/wp-cron.php:0
[04-Feb-2022 00:38:05 UTC] PHP   2. do_action_ref_array() /Users/vesnaelenchevska/Local Sites/myfirstwpcom/app/public/wp-cron.php:138
[04-Feb-2022 00:38:05 UTC] PHP   3. WP_Hook->do_action() /Users/vesnaelenchevska/Local Sites/myfirstwpcom/app/public/wp-includes/plugin.php:522
[04-Feb-2022 00:38:05 UTC] PHP   4. WP_Hook->apply_filters() /Users/vesnaelenchevska/Local Sites/myfirstwpcom/app/public/wp-includes/class-wp-hook.php:331
[04-Feb-2022 00:38:05 UTC] PHP   5. wp_update_themes() /Users/vesnaelenchevska/Local Sites/myfirstwpcom/app/public/wp-includes/class-wp-hook.php:307
[04-Feb-2022 00:38:05 UTC] PHP   6. trigger_error() /Users/vesnaelenchevska/Local Sites/myfirstwpcom/app/public/wp-includes/update.php:693
[04-Feb-2022 12:04:34 UTC] PHP Warning:  Use of undefined constant ID - assumed 'ID' (this will throw an Error in a future version of PHP) in /Users/vesnaelenchevska/Local Sites/myfirstwpcom/app/public/wp-content/plugins/my-block/src/init.php on line 68
[04-Feb-2022 12:04:34 UTC] PHP Warning:  Use of undefined constant ID - assumed 'ID' (this will throw an Error in a future version of PHP) in /Users/vesnaelenchevska/Local Sites/myfirstwpcom/app/public/wp-content/plugins/my-block/src/init.php on line 68
[04-Feb-2022 12:04:34 UTC] PHP Stack trace:
[04-Feb-2022 12:04:34 UTC] PHP Stack trace:
[04-Feb-2022 12:04:34 UTC] PHP   1. {main}() /Users/vesnaelenchevska/Local Sites/myfirstwpcom/app/public/wp-admin/admin-ajax.php:0
[04-Feb-2022 12:04:34 UTC] PHP   1. {main}() /Users/vesnaelenchevska/Local Sites/myfirstwpcom/app/public/wp-admin/post.php:0
[04-Feb-2022 12:04:34 UTC] PHP   2. require_once() /Users/vesnaelenchevska/Local Sites/myfirstwpcom/app/public/wp-admin/admin-ajax.php:22
[04-Feb-2022 12:04:34 UTC] PHP   3. require_once() /Users/vesnaelenchevska/Local Sites/myfirstwpcom/app/public/wp-load.php:50
[04-Feb-2022 12:04:34 UTC] PHP   2. require_once() /Users/vesnaelenchevska/Local Sites/myfirstwpcom/app/public/wp-admin/post.php:12
[04-Feb-2022 12:04:34 UTC] PHP   4. require_once() /Users/vesnaelenchevska/Local Sites/myfirstwpcom/app/public/wp-config.php:77
[04-Feb-2022 12:04:34 UTC] PHP   3. require_once() /Users/vesnaelenchevska/Local Sites/myfirstwpcom/app/public/wp-admin/admin.php:34
[04-Feb-2022 12:04:34 UTC] PHP   4. require_once() /Users/vesnaelenchevska/Local Sites/myfirstwpcom/app/public/wp-load.php:50
[04-Feb-2022 12:04:34 UTC] PHP   5. do_action() /Users/vesnaelenchevska/Local Sites/myfirstwpcom/app/public/wp-settings.php:587
[04-Feb-2022 12:04:34 UTC] PHP   5. require_once() /Users/vesnaelenchevska/Local Sites/myfirstwpcom/app/public/wp-config.php:77
[04-Feb-2022 12:04:34 UTC] PHP   6. WP_Hook->do_action() /Users/vesnaelenchevska/Local Sites/myfirstwpcom/app/public/wp-includes/plugin.php:474
[04-Feb-2022 12:04:34 UTC] PHP   6. do_action() /Users/vesnaelenchevska/Local Sites/myfirstwpcom/app/public/wp-settings.php:587
[04-Feb-2022 12:04:34 UTC] PHP   7. WP_Hook->do_action() /Users/vesnaelenchevska/Local Sites/myfirstwpcom/app/public/wp-includes/plugin.php:474
[04-Feb-2022 12:04:34 UTC] PHP   7. WP_Hook->apply_filters() /Users/vesnaelenchevska/Local Sites/myfirstwpcom/app/public/wp-includes/class-wp-hook.php:331
[04-Feb-2022 12:04:34 UTC] PHP   8. WP_Hook->apply_filters() /Users/vesnaelenchevska/Local Sites/myfirstwpcom/app/public/wp-includes/class-wp-hook.php:331
[04-Feb-2022 12:04:34 UTC] PHP   8. my_block_cgb_block_assets() /Users/vesnaelenchevska/Local Sites/myfirstwpcom/app/public/wp-includes/class-wp-hook.php:307
[04-Feb-2022 12:04:34 UTC] PHP   9. my_block_cgb_block_assets() /Users/vesnaelenchevska/Local Sites/myfirstwpcom/app/public/wp-includes/class-wp-hook.php:307
[04-Feb-2022 12:04:34 UTC] PHP Fatal error:  Uncaught Error: Cannot use object of type WP_Post as array in /Users/vesnaelenchevska/Local Sites/myfirstwpcom/app/public/wp-content/plugins/my-block/src/init.php:68
Stack trace:
#0 /Users/vesnaelenchevska/Local Sites/myfirstwpcom/app/public/wp-includes/class-wp-hook.php(307): my_block_cgb_block_assets('')
#1 /Users/vesnaelenchevska/Local Sites/myfirstwpcom/app/public/wp-includes/class-wp-hook.php(331): WP_Hook->apply_filters(NULL, Array)
#2 /Users/vesnaelenchevska/Local Sites/myfirstwpcom/app/public/wp-includes/plugin.php(474): WP_Hook->do_action(Array)
#3 /Users/vesnaelenchevska/Local Sites/myfirstwpcom/app/public/wp-settings.php(587): do_action('init')
#4 /Users/vesnaelenchevska/Local Sites/myfirstwpcom/app/public/wp-config.php(77): require_once('/Users/vesnaele...')
#5 /Users/vesnaelenchevska/Local Sites/myfirstwpcom/app/public/wp-load.php(50): require_once('/Users/vesnaele...')
#6 /Users/vesnaelenchevska/Local Sites/myfirstwpcom/app/public/wp-admin/admin.php(34): require_once('/Users/vesnaele...')
#7 /Us in /Users/vesnaelenchevska/Local Sites/myfirstwpcom/app/public/wp-content/plugins/my-block/src/init.php on line 68
[04-Feb-2022 12:04:34 UTC] PHP Fatal error:  Uncaught Error: Cannot use object of type WP_Post as array in /Users/vesnaelenchevska/Local Sites/myfirstwpcom/app/public/wp-content/plugins/my-block/src/init.php:68
Stack trace:
#0 /Users/vesnaelenchevska/Local Sites/myfirstwpcom/app/public/wp-includes/class-wp-hook.php(307): my_block_cgb_block_assets('')
#1 /Users/vesnaelenchevska/Local Sites/myfirstwpcom/app/public/wp-includes/class-wp-hook.php(331): WP_Hook->apply_filters(NULL, Array)
#2 /Users/vesnaelenchevska/Local Sites/myfirstwpcom/app/public/wp-includes/plugin.php(474): WP_Hook->do_action(Array)
#3 /Users/vesnaelenchevska/Local Sites/myfirstwpcom/app/public/wp-settings.php(587): do_action('init')
#4 /Users/vesnaelenchevska/Local Sites/myfirstwpcom/app/public/wp-config.php(77): require_once('/Users/vesnaele...')
#5 /Users/vesnaelenchevska/Local Sites/myfirstwpcom/app/public/wp-load.php(50): require_once('/Users/vesnaele...')
#6 /Users/vesnaelenchevska/Local Sites/myfirstwpcom/app/public/wp-admin/admin-ajax.php(22): require_once('/Users/vesnaele...')
# in /Users/vesnaelenchevska/Local Sites/myfirstwpcom/app/public/wp-content/plugins/my-block/src/init.php on line 68
[04-Feb-2022 12:04:35 UTC] PHP Warning:  Use of undefined constant ID - assumed 'ID' (this will throw an Error in a future version of PHP) in /Users/vesnaelenchevska/Local Sites/myfirstwpcom/app/public/wp-content/plugins/my-block/src/init.php on line 68
[04-Feb-2022 12:04:35 UTC] PHP Stack trace:
[04-Feb-2022 12:04:35 UTC] PHP   1. {main}() /Users/vesnaelenchevska/Local Sites/myfirstwpcom/app/public/index.php:0
[04-Feb-2022 12:04:35 UTC] PHP   2. require() /Users/vesnaelenchevska/Local Sites/myfirstwpcom/app/public/index.php:17
[04-Feb-2022 12:04:35 UTC] PHP   3. require_once() /Users/vesnaelenchevska/Local Sites/myfirstwpcom/app/public/wp-blog-header.php:13
[04-Feb-2022 12:04:35 UTC] PHP   4. require_once() /Users/vesnaelenchevska/Local Sites/myfirstwpcom/app/public/wp-load.php:50
[04-Feb-2022 12:04:35 UTC] PHP   5. require_once() /Users/vesnaelenchevska/Local Sites/myfirstwpcom/app/public/wp-config.php:77
[04-Feb-2022 12:04:35 UTC] PHP   6. do_action() /Users/vesnaelenchevska/Local Sites/myfirstwpcom/app/public/wp-settings.php:587
[04-Feb-2022 12:04:35 UTC] PHP   7. WP_Hook->do_action() /Users/vesnaelenchevska/Local Sites/myfirstwpcom/app/public/wp-includes/plugin.php:474
[04-Feb-2022 12:04:35 UTC] PHP   8. WP_Hook->apply_filters() /Users/vesnaelenchevska/Local Sites/myfirstwpcom/app/public/wp-includes/class-wp-hook.php:331
[04-Feb-2022 12:04:35 UTC] PHP   9. my_block_cgb_block_assets() /Users/vesnaelenchevska/Local Sites/myfirstwpcom/app/public/wp-includes/class-wp-hook.php:307
[04-Feb-2022 12:04:35 UTC] PHP Fatal error:  Uncaught Error: Cannot use object of type WP_Post as array in /Users/vesnaelenchevska/Local Sites/myfirstwpcom/app/public/wp-content/plugins/my-block/src/init.php:68
Stack trace:
#0 /Users/vesnaelenchevska/Local Sites/myfirstwpcom/app/public/wp-includes/class-wp-hook.php(307): my_block_cgb_block_assets('')
#1 /Users/vesnaelenchevska/Local Sites/myfirstwpcom/app/public/wp-includes/class-wp-hook.php(331): WP_Hook->apply_filters(NULL, Array)
#2 /Users/vesnaelenchevska/Local Sites/myfirstwpcom/app/public/wp-includes/plugin.php(474): WP_Hook->do_action(Array)
#3 /Users/vesnaelenchevska/Local Sites/myfirstwpcom/app/public/wp-settings.php(587): do_action('init')
#4 /Users/vesnaelenchevska/Local Sites/myfirstwpcom/app/public/wp-config.php(77): require_once('/Users/vesnaele...')
#5 /Users/vesnaelenchevska/Local Sites/myfirstwpcom/app/public/wp-load.php(50): require_once('/Users/vesnaele...')
#6 /Users/vesnaelenchevska/Local Sites/myfirstwpcom/app/public/wp-blog-header.php(13): require_once('/Users/vesnaele...')
#7 /Us in /Users/vesnaelenchevska/Local Sites/myfirstwpcom/app/public/wp-content/plugins/my-block/src/init.php on line 68
[04-Feb-2022 12:31:53 UTC] PHP Fatal error:  Uncaught Error: Cannot use object of type WP_Post as array in /Users/vesnaelenchevska/Local Sites/myfirstwpcom/app/public/wp-content/plugins/my-block/src/init.php:67
Stack trace:
#0 /Users/vesnaelenchevska/Local Sites/myfirstwpcom/app/public/wp-includes/class-wp-hook.php(307): my_block_cgb_block_assets('')
#1 /Users/vesnaelenchevska/Local Sites/myfirstwpcom/app/public/wp-includes/class-wp-hook.php(331): WP_Hook->apply_filters(NULL, Array)
#2 /Users/vesnaelenchevska/Local Sites/myfirstwpcom/app/public/wp-includes/plugin.php(474): WP_Hook->do_action(Array)
#3 /Users/vesnaelenchevska/Local Sites/myfirstwpcom/app/public/wp-settings.php(587): do_action('init')
#4 /Users/vesnaelenchevska/Local Sites/myfirstwpcom/app/public/wp-config.php(77): require_once('/Users/vesnaele...')
#5 /Users/vesnaelenchevska/Local Sites/myfirstwpcom/app/public/wp-load.php(50): require_once('/Users/vesnaele...')
#6 /Users/vesnaelenchevska/Local Sites/myfirstwpcom/app/public/wp-admin/admin.php(34): require_once('/Users/vesnaele...')
#7 /Us in /Users/vesnaelenchevska/Local Sites/myfirstwpcom/app/public/wp-content/plugins/my-block/src/init.php on line 67
[04-Feb-2022 12:31:53 UTC] PHP Fatal error:  Uncaught Error: Cannot use object of type WP_Post as array in /Users/vesnaelenchevska/Local Sites/myfirstwpcom/app/public/wp-content/plugins/my-block/src/init.php:67
Stack trace:
#0 /Users/vesnaelenchevska/Local Sites/myfirstwpcom/app/public/wp-includes/class-wp-hook.php(307): my_block_cgb_block_assets('')
#1 /Users/vesnaelenchevska/Local Sites/myfirstwpcom/app/public/wp-includes/class-wp-hook.php(331): WP_Hook->apply_filters(NULL, Array)
#2 /Users/vesnaelenchevska/Local Sites/myfirstwpcom/app/public/wp-includes/plugin.php(474): WP_Hook->do_action(Array)
#3 /Users/vesnaelenchevska/Local Sites/myfirstwpcom/app/public/wp-settings.php(587): do_action('init')
#4 /Users/vesnaelenchevska/Local Sites/myfirstwpcom/app/public/wp-config.php(77): require_once('/Users/vesnaele...')
#5 /Users/vesnaelenchevska/Local Sites/myfirstwpcom/app/public/wp-load.php(50): require_once('/Users/vesnaele...')
#6 /Users/vesnaelenchevska/Local Sites/myfirstwpcom/app/public/wp-admin/admin-ajax.php(22): require_once('/Users/vesnaele...')
# in /Users/vesnaelenchevska/Local Sites/myfirstwpcom/app/public/wp-content/plugins/my-block/src/init.php on line 67
[04-Feb-2022 12:31:53 UTC] PHP Fatal error:  Uncaught Error: Cannot use object of type WP_Post as array in /Users/vesnaelenchevska/Local Sites/myfirstwpcom/app/public/wp-content/plugins/my-block/src/init.php:67
Stack trace:
#0 /Users/vesnaelenchevska/Local Sites/myfirstwpcom/app/public/wp-includes/class-wp-hook.php(307): my_block_cgb_block_assets('')
#1 /Users/vesnaelenchevska/Local Sites/myfirstwpcom/app/public/wp-includes/class-wp-hook.php(331): WP_Hook->apply_filters(NULL, Array)
#2 /Users/vesnaelenchevska/Local Sites/myfirstwpcom/app/public/wp-includes/plugin.php(474): WP_Hook->do_action(Array)
#3 /Users/vesnaelenchevska/Local Sites/myfirstwpcom/app/public/wp-settings.php(587): do_action('init')
#4 /Users/vesnaelenchevska/Local Sites/myfirstwpcom/app/public/wp-config.php(77): require_once('/Users/vesnaele...')
#5 /Users/vesnaelenchevska/Local Sites/myfirstwpcom/app/public/wp-load.php(50): require_once('/Users/vesnaele...')
#6 /Users/vesnaelenchevska/Local Sites/myfirstwpcom/app/public/wp-blog-header.php(13): require_once('/Users/vesnaele...')
#7 /Us in /Users/vesnaelenchevska/Local Sites/myfirstwpcom/app/public/wp-content/plugins/my-block/src/init.php on line 67
[04-Feb-2022 12:32:10 UTC] PHP Fatal error:  Uncaught Error: Cannot use object of type WP_Post as array in /Users/vesnaelenchevska/Local Sites/myfirstwpcom/app/public/wp-content/plugins/my-block/src/init.php:67
Stack trace:
#0 /Users/vesnaelenchevska/Local Sites/myfirstwpcom/app/public/wp-includes/class-wp-hook.php(307): my_block_cgb_block_assets('')
#1 /Users/vesnaelenchevska/Local Sites/myfirstwpcom/app/public/wp-includes/class-wp-hook.php(331): WP_Hook->apply_filters(NULL, Array)
#2 /Users/vesnaelenchevska/Local Sites/myfirstwpcom/app/public/wp-includes/plugin.php(474): WP_Hook->do_action(Array)
#3 /Users/vesnaelenchevska/Local Sites/myfirstwpcom/app/public/wp-settings.php(587): do_action('init')
#4 /Users/vesnaelenchevska/Local Sites/myfirstwpcom/app/public/wp-config.php(77): require_once('/Users/vesnaele...')
#5 /Users/vesnaelenchevska/Local Sites/myfirstwpcom/app/public/wp-load.php(50): require_once('/Users/vesnaele...')
#6 /Users/vesnaelenchevska/Local Sites/myfirstwpcom/app/public/wp-admin/admin.php(34): require_once('/Users/vesnaele...')
#7 /Us in /Users/vesnaelenchevska/Local Sites/myfirstwpcom/app/public/wp-content/plugins/my-block/src/init.php on line 67
[04-Feb-2022 12:32:10 UTC] PHP Fatal error:  Uncaught Error: Cannot use object of type WP_Post as array in /Users/vesnaelenchevska/Local Sites/myfirstwpcom/app/public/wp-content/plugins/my-block/src/init.php:67
Stack trace:
#0 /Users/vesnaelenchevska/Local Sites/myfirstwpcom/app/public/wp-includes/class-wp-hook.php(307): my_block_cgb_block_assets('')
#1 /Users/vesnaelenchevska/Local Sites/myfirstwpcom/app/public/wp-includes/class-wp-hook.php(331): WP_Hook->apply_filters(NULL, Array)
#2 /Users/vesnaelenchevska/Local Sites/myfirstwpcom/app/public/wp-includes/plugin.php(474): WP_Hook->do_action(Array)
#3 /Users/vesnaelenchevska/Local Sites/myfirstwpcom/app/public/wp-settings.php(587): do_action('init')
#4 /Users/vesnaelenchevska/Local Sites/myfirstwpcom/app/public/wp-config.php(77): require_once('/Users/vesnaele...')
#5 /Users/vesnaelenchevska/Local Sites/myfirstwpcom/app/public/wp-load.php(50): require_once('/Users/vesnaele...')
#6 /Users/vesnaelenchevska/Local Sites/myfirstwpcom/app/public/wp-blog-header.php(13): require_once('/Users/vesnaele...')
#7 /Us in /Users/vesnaelenchevska/Local Sites/myfirstwpcom/app/public/wp-content/plugins/my-block/src/init.php on line 67
[04-Feb-2022 12:32:11 UTC] PHP Fatal error:  Uncaught Error: Cannot use object of type WP_Post as array in /Users/vesnaelenchevska/Local Sites/myfirstwpcom/app/public/wp-content/plugins/my-block/src/init.php:67
Stack trace:
#0 /Users/vesnaelenchevska/Local Sites/myfirstwpcom/app/public/wp-includes/class-wp-hook.php(307): my_block_cgb_block_assets('')
#1 /Users/vesnaelenchevska/Local Sites/myfirstwpcom/app/public/wp-includes/class-wp-hook.php(331): WP_Hook->apply_filters(NULL, Array)
#2 /Users/vesnaelenchevska/Local Sites/myfirstwpcom/app/public/wp-includes/plugin.php(474): WP_Hook->do_action(Array)
#3 /Users/vesnaelenchevska/Local Sites/myfirstwpcom/app/public/wp-settings.php(587): do_action('init')
#4 /Users/vesnaelenchevska/Local Sites/myfirstwpcom/app/public/wp-config.php(77): require_once('/Users/vesnaele...')
#5 /Users/vesnaelenchevska/Local Sites/myfirstwpcom/app/public/wp-load.php(50): require_once('/Users/vesnaele...')
#6 /Users/vesnaelenchevska/Local Sites/myfirstwpcom/app/public/wp-admin/admin.php(34): require_once('/Users/vesnaele...')
#7 /Us in /Users/vesnaelenchevska/Local Sites/myfirstwpcom/app/public/wp-content/plugins/my-block/src/init.php on line 67
[04-Feb-2022 12:32:11 UTC] PHP Fatal error:  Uncaught Error: Cannot use object of type WP_Post as array in /Users/vesnaelenchevska/Local Sites/myfirstwpcom/app/public/wp-content/plugins/my-block/src/init.php:67
Stack trace:
#0 /Users/vesnaelenchevska/Local Sites/myfirstwpcom/app/public/wp-includes/class-wp-hook.php(307): my_block_cgb_block_assets('')
#1 /Users/vesnaelenchevska/Local Sites/myfirstwpcom/app/public/wp-includes/class-wp-hook.php(331): WP_Hook->apply_filters(NULL, Array)
#2 /Users/vesnaelenchevska/Local Sites/myfirstwpcom/app/public/wp-includes/plugin.php(474): WP_Hook->do_action(Array)
#3 /Users/vesnaelenchevska/Local Sites/myfirstwpcom/app/public/wp-settings.php(587): do_action('init')
#4 /Users/vesnaelenchevska/Local Sites/myfirstwpcom/app/public/wp-config.php(77): require_once('/Users/vesnaele...')
#5 /Users/vesnaelenchevska/Local Sites/myfirstwpcom/app/public/wp-load.php(50): require_once('/Users/vesnaele...')
#6 /Users/vesnaelenchevska/Local Sites/myfirstwpcom/app/public/wp-blog-header.php(13): require_once('/Users/vesnaele...')
#7 /Us in /Users/vesnaelenchevska/Local Sites/myfirstwpcom/app/public/wp-content/plugins/my-block/src/init.php on line 67
[04-Feb-2022 12:32:12 UTC] PHP Fatal error:  Uncaught Error: Cannot use object of type WP_Post as array in /Users/vesnaelenchevska/Local Sites/myfirstwpcom/app/public/wp-content/plugins/my-block/src/init.php:67
Stack trace:
#0 /Users/vesnaelenchevska/Local Sites/myfirstwpcom/app/public/wp-includes/class-wp-hook.php(307): my_block_cgb_block_assets('')
#1 /Users/vesnaelenchevska/Local Sites/myfirstwpcom/app/public/wp-includes/class-wp-hook.php(331): WP_Hook->apply_filters(NULL, Array)
#2 /Users/vesnaelenchevska/Local Sites/myfirstwpcom/app/public/wp-includes/plugin.php(474): WP_Hook->do_action(Array)
#3 /Users/vesnaelenchevska/Local Sites/myfirstwpcom/app/public/wp-settings.php(587): do_action('init')
#4 /Users/vesnaelenchevska/Local Sites/myfirstwpcom/app/public/wp-config.php(77): require_once('/Users/vesnaele...')
#5 /Users/vesnaelenchevska/Local Sites/myfirstwpcom/app/public/wp-load.php(50): require_once('/Users/vesnaele...')
#6 /Users/vesnaelenchevska/Local Sites/myfirstwpcom/app/public/wp-admin/admin.php(34): require_once('/Users/vesnaele...')
#7 /Us in /Users/vesnaelenchevska/Local Sites/myfirstwpcom/app/public/wp-content/plugins/my-block/src/init.php on line 67
[04-Feb-2022 12:32:12 UTC] PHP Fatal error:  Uncaught Error: Cannot use object of type WP_Post as array in /Users/vesnaelenchevska/Local Sites/myfirstwpcom/app/public/wp-content/plugins/my-block/src/init.php:67
Stack trace:
#0 /Users/vesnaelenchevska/Local Sites/myfirstwpcom/app/public/wp-includes/class-wp-hook.php(307): my_block_cgb_block_assets('')
#1 /Users/vesnaelenchevska/Local Sites/myfirstwpcom/app/public/wp-includes/class-wp-hook.php(331): WP_Hook->apply_filters(NULL, Array)
#2 /Users/vesnaelenchevska/Local Sites/myfirstwpcom/app/public/wp-includes/plugin.php(474): WP_Hook->do_action(Array)
#3 /Users/vesnaelenchevska/Local Sites/myfirstwpcom/app/public/wp-settings.php(587): do_action('init')
#4 /Users/vesnaelenchevska/Local Sites/myfirstwpcom/app/public/wp-config.php(77): require_once('/Users/vesnaele...')
#5 /Users/vesnaelenchevska/Local Sites/myfirstwpcom/app/public/wp-load.php(50): require_once('/Users/vesnaele...')
#6 /Users/vesnaelenchevska/Local Sites/myfirstwpcom/app/public/wp-blog-header.php(13): require_once('/Users/vesnaele...')
#7 /Us in /Users/vesnaelenchevska/Local Sites/myfirstwpcom/app/public/wp-content/plugins/my-block/src/init.php on line 67
[04-Feb-2022 12:32:13 UTC] PHP Fatal error:  Uncaught Error: Cannot use object of type WP_Post as array in /Users/vesnaelenchevska/Local Sites/myfirstwpcom/app/public/wp-content/plugins/my-block/src/init.php:67
Stack trace:
#0 /Users/vesnaelenchevska/Local Sites/myfirstwpcom/app/public/wp-includes/class-wp-hook.php(307): my_block_cgb_block_assets('')
#1 /Users/vesnaelenchevska/Local Sites/myfirstwpcom/app/public/wp-includes/class-wp-hook.php(331): WP_Hook->apply_filters(NULL, Array)
#2 /Users/vesnaelenchevska/Local Sites/myfirstwpcom/app/public/wp-includes/plugin.php(474): WP_Hook->do_action(Array)
#3 /Users/vesnaelenchevska/Local Sites/myfirstwpcom/app/public/wp-settings.php(587): do_action('init')
#4 /Users/vesnaelenchevska/Local Sites/myfirstwpcom/app/public/wp-config.php(77): require_once('/Users/vesnaele...')
#5 /Users/vesnaelenchevska/Local Sites/myfirstwpcom/app/public/wp-load.php(50): require_once('/Users/vesnaele...')
#6 /Users/vesnaelenchevska/Local Sites/myfirstwpcom/app/public/wp-admin/admin.php(34): require_once('/Users/vesnaele...')
#7 /Us in /Users/vesnaelenchevska/Local Sites/myfirstwpcom/app/public/wp-content/plugins/my-block/src/init.php on line 67
[04-Feb-2022 12:32:13 UTC] PHP Fatal error:  Uncaught Error: Cannot use object of type WP_Post as array in /Users/vesnaelenchevska/Local Sites/myfirstwpcom/app/public/wp-content/plugins/my-block/src/init.php:67
Stack trace:
#0 /Users/vesnaelenchevska/Local Sites/myfirstwpcom/app/public/wp-includes/class-wp-hook.php(307): my_block_cgb_block_assets('')
#1 /Users/vesnaelenchevska/Local Sites/myfirstwpcom/app/public/wp-includes/class-wp-hook.php(331): WP_Hook->apply_filters(NULL, Array)
#2 /Users/vesnaelenchevska/Local Sites/myfirstwpcom/app/public/wp-includes/plugin.php(474): WP_Hook->do_action(Array)
#3 /Users/vesnaelenchevska/Local Sites/myfirstwpcom/app/public/wp-settings.php(587): do_action('init')
#4 /Users/vesnaelenchevska/Local Sites/myfirstwpcom/app/public/wp-config.php(77): require_once('/Users/vesnaele...')
#5 /Users/vesnaelenchevska/Local Sites/myfirstwpcom/app/public/wp-load.php(50): require_once('/Users/vesnaele...')
#6 /Users/vesnaelenchevska/Local Sites/myfirstwpcom/app/public/wp-blog-header.php(13): require_once('/Users/vesnaele...')
#7 /Us in /Users/vesnaelenchevska/Local Sites/myfirstwpcom/app/public/wp-content/plugins/my-block/src/init.php on line 67
[04-Feb-2022 12:32:14 UTC] PHP Fatal error:  Uncaught Error: Cannot use object of type WP_Post as array in /Users/vesnaelenchevska/Local Sites/myfirstwpcom/app/public/wp-content/plugins/my-block/src/init.php:67
Stack trace:
#0 /Users/vesnaelenchevska/Local Sites/myfirstwpcom/app/public/wp-includes/class-wp-hook.php(307): my_block_cgb_block_assets('')
#1 /Users/vesnaelenchevska/Local Sites/myfirstwpcom/app/public/wp-includes/class-wp-hook.php(331): WP_Hook->apply_filters(NULL, Array)
#2 /Users/vesnaelenchevska/Local Sites/myfirstwpcom/app/public/wp-includes/plugin.php(474): WP_Hook->do_action(Array)
#3 /Users/vesnaelenchevska/Local Sites/myfirstwpcom/app/public/wp-settings.php(587): do_action('init')
#4 /Users/vesnaelenchevska/Local Sites/myfirstwpcom/app/public/wp-config.php(77): require_once('/Users/vesnaele...')
#5 /Users/vesnaelenchevska/Local Sites/myfirstwpcom/app/public/wp-load.php(50): require_once('/Users/vesnaele...')
#6 /Users/vesnaelenchevska/Local Sites/myfirstwpcom/app/public/wp-admin/admin.php(34): require_once('/Users/vesnaele...')
#7 /Us in /Users/vesnaelenchevska/Local Sites/myfirstwpcom/app/public/wp-content/plugins/my-block/src/init.php on line 67
[04-Feb-2022 12:32:14 UTC] PHP Fatal error:  Uncaught Error: Cannot use object of type WP_Post as array in /Users/vesnaelenchevska/Local Sites/myfirstwpcom/app/public/wp-content/plugins/my-block/src/init.php:67
Stack trace:
#0 /Users/vesnaelenchevska/Local Sites/myfirstwpcom/app/public/wp-includes/class-wp-hook.php(307): my_block_cgb_block_assets('')
#1 /Users/vesnaelenchevska/Local Sites/myfirstwpcom/app/public/wp-includes/class-wp-hook.php(331): WP_Hook->apply_filters(NULL, Array)
#2 /Users/vesnaelenchevska/Local Sites/myfirstwpcom/app/public/wp-includes/plugin.php(474): WP_Hook->do_action(Array)
#3 /Users/vesnaelenchevska/Local Sites/myfirstwpcom/app/public/wp-settings.php(587): do_action('init')
#4 /Users/vesnaelenchevska/Local Sites/myfirstwpcom/app/public/wp-config.php(77): require_once('/Users/vesnaele...')
#5 /Users/vesnaelenchevska/Local Sites/myfirstwpcom/app/public/wp-load.php(50): require_once('/Users/vesnaele...')
#6 /Users/vesnaelenchevska/Local Sites/myfirstwpcom/app/public/wp-blog-header.php(13): require_once('/Users/vesnaele...')
#7 /Us in /Users/vesnaelenchevska/Local Sites/myfirstwpcom/app/public/wp-content/plugins/my-block/src/init.php on line 67
[04-Feb-2022 12:32:30 UTC] PHP Fatal error:  Uncaught Error: Cannot use object of type WP_Post as array in /Users/vesnaelenchevska/Local Sites/myfirstwpcom/app/public/wp-content/plugins/my-block/src/init.php:67
Stack trace:
#0 /Users/vesnaelenchevska/Local Sites/myfirstwpcom/app/public/wp-includes/class-wp-hook.php(307): my_block_cgb_block_assets('')
#1 /Users/vesnaelenchevska/Local Sites/myfirstwpcom/app/public/wp-includes/class-wp-hook.php(331): WP_Hook->apply_filters(NULL, Array)
#2 /Users/vesnaelenchevska/Local Sites/myfirstwpcom/app/public/wp-includes/plugin.php(474): WP_Hook->do_action(Array)
#3 /Users/vesnaelenchevska/Local Sites/myfirstwpcom/app/public/wp-settings.php(587): do_action('init')
#4 /Users/vesnaelenchevska/Local Sites/myfirstwpcom/app/public/wp-config.php(77): require_once('/Users/vesnaele...')
#5 /Users/vesnaelenchevska/Local Sites/myfirstwpcom/app/public/wp-load.php(50): require_once('/Users/vesnaele...')
#6 /Users/vesnaelenchevska/Local Sites/myfirstwpcom/app/public/wp-admin/admin.php(34): require_once('/Users/vesnaele...')
#7 /Us in /Users/vesnaelenchevska/Local Sites/myfirstwpcom/app/public/wp-content/plugins/my-block/src/init.php on line 67
[04-Feb-2022 12:32:30 UTC] PHP Fatal error:  Uncaught Error: Cannot use object of type WP_Post as array in /Users/vesnaelenchevska/Local Sites/myfirstwpcom/app/public/wp-content/plugins/my-block/src/init.php:67
Stack trace:
#0 /Users/vesnaelenchevska/Local Sites/myfirstwpcom/app/public/wp-includes/class-wp-hook.php(307): my_block_cgb_block_assets('')
#1 /Users/vesnaelenchevska/Local Sites/myfirstwpcom/app/public/wp-includes/class-wp-hook.php(331): WP_Hook->apply_filters(NULL, Array)
#2 /Users/vesnaelenchevska/Local Sites/myfirstwpcom/app/public/wp-includes/plugin.php(474): WP_Hook->do_action(Array)
#3 /Users/vesnaelenchevska/Local Sites/myfirstwpcom/app/public/wp-settings.php(587): do_action('init')
#4 /Users/vesnaelenchevska/Local Sites/myfirstwpcom/app/public/wp-config.php(77): require_once('/Users/vesnaele...')
#5 /Users/vesnaelenchevska/Local Sites/myfirstwpcom/app/public/wp-load.php(50): require_once('/Users/vesnaele...')
#6 /Users/vesnaelenchevska/Local Sites/myfirstwpcom/app/public/wp-blog-header.php(13): require_once('/Users/vesnaele...')
#7 /Us in /Users/vesnaelenchevska/Local Sites/myfirstwpcom/app/public/wp-content/plugins/my-block/src/init.php on line 67
[04-Feb-2022 12:32:31 UTC] PHP Fatal error:  Uncaught Error: Cannot use object of type WP_Post as array in /Users/vesnaelenchevska/Local Sites/myfirstwpcom/app/public/wp-content/plugins/my-block/src/init.php:67
Stack trace:
#0 /Users/vesnaelenchevska/Local Sites/myfirstwpcom/app/public/wp-includes/class-wp-hook.php(307): my_block_cgb_block_assets('')
#1 /Users/vesnaelenchevska/Local Sites/myfirstwpcom/app/public/wp-includes/class-wp-hook.php(331): WP_Hook->apply_filters(NULL, Array)
#2 /Users/vesnaelenchevska/Local Sites/myfirstwpcom/app/public/wp-includes/plugin.php(474): WP_Hook->do_action(Array)
#3 /Users/vesnaelenchevska/Local Sites/myfirstwpcom/app/public/wp-settings.php(587): do_action('init')
#4 /Users/vesnaelenchevska/Local Sites/myfirstwpcom/app/public/wp-config.php(77): require_once('/Users/vesnaele...')
#5 /Users/vesnaelenchevska/Local Sites/myfirstwpcom/app/public/wp-load.php(50): require_once('/Users/vesnaele...')
#6 /Users/vesnaelenchevska/Local Sites/myfirstwpcom/app/public/wp-admin/admin.php(34): require_once('/Users/vesnaele...')
#7 /Us in /Users/vesnaelenchevska/Local Sites/myfirstwpcom/app/public/wp-content/plugins/my-block/src/init.php on line 67
[04-Feb-2022 12:32:31 UTC] PHP Fatal error:  Uncaught Error: Cannot use object of type WP_Post as array in /Users/vesnaelenchevska/Local Sites/myfirstwpcom/app/public/wp-content/plugins/my-block/src/init.php:67
Stack trace:
#0 /Users/vesnaelenchevska/Local Sites/myfirstwpcom/app/public/wp-includes/class-wp-hook.php(307): my_block_cgb_block_assets('')
#1 /Users/vesnaelenchevska/Local Sites/myfirstwpcom/app/public/wp-includes/class-wp-hook.php(331): WP_Hook->apply_filters(NULL, Array)
#2 /Users/vesnaelenchevska/Local Sites/myfirstwpcom/app/public/wp-includes/plugin.php(474): WP_Hook->do_action(Array)
#3 /Users/vesnaelenchevska/Local Sites/myfirstwpcom/app/public/wp-settings.php(587): do_action('init')
#4 /Users/vesnaelenchevska/Local Sites/myfirstwpcom/app/public/wp-config.php(77): require_once('/Users/vesnaele...')
#5 /Users/vesnaelenchevska/Local Sites/myfirstwpcom/app/public/wp-load.php(50): require_once('/Users/vesnaele...')
#6 /Users/vesnaelenchevska/Local Sites/myfirstwpcom/app/public/wp-blog-header.php(13): require_once('/Users/vesnaele...')
#7 /Us in /Users/vesnaelenchevska/Local Sites/myfirstwpcom/app/public/wp-content/plugins/my-block/src/init.php on line 67
